<?xml version="1.0" encoding="UTF-8"?>
<testsuite xmlns:xsi="http://www.w3.org/2001/XMLSchema-instance" xsi:noNamespaceSchemaLocation="https://maven.apache.org/surefire/maven-surefire-plugin/xsd/surefire-test-report-3.0.xsd" version="3.0" name="sample.spring.security.TestControllerTest" time="10.365" tests="3" errors="0" skipped="0" failures="0">
  <properties>
    <property name="java.specification.version" value="20"/>
    <property name="sun.jnu.encoding" value="UTF-8"/>
    <property name="spring-boot.build-image.imageName" value="hagarrnabil/xsuaaa"/>
    <property name="java.class.path" value="/home/hagar/cloud-security-services-integration-library/samples/spring-security-hybrid-usage/target/test-classes:/home/hagar/cloud-security-services-integration-library/samples/spring-security-hybrid-usage/target/classes:/home/hagar/.m2/repository/org/springframework/boot/spring-boot-starter-web/3.0.4/spring-boot-starter-web-3.0.4.jar:/home/hagar/.m2/repository/org/springframework/boot/spring-boot-starter/3.0.4/spring-boot-starter-3.0.4.jar:/home/hagar/.m2/repository/org/springframework/boot/spring-boot/3.0.4/spring-boot-3.0.4.jar:/home/hagar/.m2/repository/org/springframework/boot/spring-boot-starter-logging/3.0.4/spring-boot-starter-logging-3.0.4.jar:/home/hagar/.m2/repository/ch/qos/logback/logback-classic/1.4.5/logback-classic-1.4.5.jar:/home/hagar/.m2/repository/ch/qos/logback/logback-core/1.4.5/logback-core-1.4.5.jar:/home/hagar/.m2/repository/org/slf4j/jul-to-slf4j/2.0.6/jul-to-slf4j-2.0.6.jar:/home/hagar/.m2/repository/jakarta/annotation/jakarta.annotation-api/2.1.1/jakarta.annotation-api-2.1.1.jar:/home/hagar/.m2/repository/org/yaml/snakeyaml/1.33/snakeyaml-1.33.jar:/home/hagar/.m2/repository/org/springframework/boot/spring-boot-starter-json/3.0.4/spring-boot-starter-json-3.0.4.jar:/home/hagar/.m2/repository/com/fasterxml/jackson/datatype/jackson-datatype-jdk8/2.14.2/jackson-datatype-jdk8-2.14.2.jar:/home/hagar/.m2/repository/com/fasterxml/jackson/datatype/jackson-datatype-jsr310/2.14.2/jackson-datatype-jsr310-2.14.2.jar:/home/hagar/.m2/repository/com/fasterxml/jackson/module/jackson-module-parameter-names/2.14.2/jackson-module-parameter-names-2.14.2.jar:/home/hagar/.m2/repository/org/springframework/boot/spring-boot-starter-tomcat/3.0.4/spring-boot-starter-tomcat-3.0.4.jar:/home/hagar/.m2/repository/org/apache/tomcat/embed/tomcat-embed-core/10.1.5/tomcat-embed-core-10.1.5.jar:/home/hagar/.m2/repository/org/apache/tomcat/embed/tomcat-embed-el/10.1.5/tomcat-embed-el-10.1.5.jar:/home/hagar/.m2/repository/org/apache/tomcat/embed/tomcat-embed-websocket/10.1.5/tomcat-embed-websocket-10.1.5.jar:/home/hagar/.m2/repository/org/springframework/spring-web/6.0.6/spring-web-6.0.6.jar:/home/hagar/.m2/repository/org/springframework/spring-beans/6.0.6/spring-beans-6.0.6.jar:/home/hagar/.m2/repository/io/micrometer/micrometer-observation/1.10.4/micrometer-observation-1.10.4.jar:/home/hagar/.m2/repository/io/micrometer/micrometer-commons/1.10.4/micrometer-commons-1.10.4.jar:/home/hagar/.m2/repository/org/springframework/spring-webmvc/6.0.6/spring-webmvc-6.0.6.jar:/home/hagar/.m2/repository/org/springframework/spring-context/6.0.6/spring-context-6.0.6.jar:/home/hagar/.m2/repository/org/springframework/spring-expression/6.0.6/spring-expression-6.0.6.jar:/home/hagar/.m2/repository/org/springframework/boot/spring-boot-starter-security/3.0.4/spring-boot-starter-security-3.0.4.jar:/home/hagar/.m2/repository/org/springframework/spring-aop/6.0.6/spring-aop-6.0.6.jar:/home/hagar/.m2/repository/org/springframework/security/spring-security-config/6.0.2/spring-security-config-6.0.2.jar:/home/hagar/.m2/repository/org/springframework/security/spring-security-core/6.0.2/spring-security-core-6.0.2.jar:/home/hagar/.m2/repository/org/springframework/security/spring-security-crypto/6.0.2/spring-security-crypto-6.0.2.jar:/home/hagar/.m2/repository/org/springframework/security/spring-security-web/6.0.2/spring-security-web-6.0.2.jar:/home/hagar/.m2/repository/com/sap/cloud/security/resourceserver-security-spring-boot-starter/3.1.3/resourceserver-security-spring-boot-starter-3.1.3.jar:/home/hagar/.m2/repository/com/sap/cloud/security/spring-security/3.1.3/spring-security-3.1.3.jar:/home/hagar/.m2/repository/org/springframework/security/spring-security-oauth2-jose/6.0.2/spring-security-oauth2-jose-6.0.2.jar:/home/hagar/.m2/repository/org/springframework/security/spring-security-oauth2-core/6.0.2/spring-security-oauth2-core-6.0.2.jar:/home/hagar/.m2/repository/com/nimbusds/nimbus-jose-jwt/9.24.4/nimbus-jose-jwt-9.24.4.jar:/home/hagar/.m2/repository/com/github/stephenc/jcip/jcip-annotations/1.0-1/jcip-annotations-1.0-1.jar:/home/hagar/.m2/repository/org/springframework/security/spring-security-oauth2-resource-server/6.0.2/spring-security-oauth2-resource-server-6.0.2.jar:/home/hagar/.m2/repository/org/springframework/boot/spring-boot-autoconfigure/3.0.4/spring-boot-autoconfigure-3.0.4.jar:/home/hagar/.m2/repository/com/sap/cloud/security/java-api/3.1.3/java-api-3.1.3.jar:/home/hagar/.m2/repository/com/sap/cloud/security/xsuaa/spring-security-compatibility/3.1.3/spring-security-compatibility-3.1.3.jar:/home/hagar/.m2/repository/com/sap/cloud/security/xsuaa/spring-xsuaa/3.1.3/spring-xsuaa-3.1.3.jar:/home/hagar/.m2/repository/org/apache/logging/log4j/log4j-to-slf4j/2.19.0/log4j-to-slf4j-2.19.0.jar:/home/hagar/.m2/repository/org/apache/logging/log4j/log4j-api/2.19.0/log4j-api-2.19.0.jar:/home/hagar/.m2/repository/com/sap/cloud/security/env/3.1.3/env-3.1.3.jar:/home/hagar/.m2/repository/com/sap/cloud/environment/servicebinding/java-sap-vcap-services/0.9.0/java-sap-vcap-services-0.9.0.jar:/home/hagar/.m2/repository/com/sap/cloud/environment/servicebinding/api/java-core-api/0.9.0/java-core-api-0.9.0.jar:/home/hagar/.m2/repository/com/sap/cloud/environment/servicebinding/java-sap-service-operator/0.9.0/java-sap-service-operator-0.9.0.jar:/home/hagar/.m2/repository/com/sap/cloud/environment/servicebinding/api/java-consumption-api/0.9.0/java-consumption-api-0.9.0.jar:/home/hagar/.m2/repository/com/sap/cloud/environment/servicebinding/api/java-access-api/0.9.0/java-access-api-0.9.0.jar:/home/hagar/.m2/repository/org/json/json/20230618/json-20230618.jar:/home/hagar/.m2/repository/com/sap/cloud/security/xsuaa/token-client/3.1.3/token-client-3.1.3.jar:/home/hagar/.m2/repository/com/github/ben-manes/caffeine/caffeine/3.1.4/caffeine-3.1.4.jar:/home/hagar/.m2/repository/org/checkerframework/checker-qual/3.31.0/checker-qual-3.31.0.jar:/home/hagar/.m2/repository/com/google/errorprone/error_prone_annotations/2.18.0/error_prone_annotations-2.18.0.jar:/home/hagar/.m2/repository/commons-io/commons-io/2.13.0/commons-io-2.13.0.jar:/home/hagar/.m2/repository/org/apache/httpcomponents/httpclient/4.5.14/httpclient-4.5.14.jar:/home/hagar/.m2/repository/org/apache/httpcomponents/httpcore/4.4.16/httpcore-4.4.16.jar:/home/hagar/.m2/repository/commons-codec/commons-codec/1.15/commons-codec-1.15.jar:/home/hagar/.m2/repository/com/sap/hcp/cf/logging/cf-java-logging-support-servlet-jakarta/3.7.0/cf-java-logging-support-servlet-jakarta-3.7.0.jar:/home/hagar/.m2/repository/com/sap/hcp/cf/logging/cf-java-logging-support-core/3.7.0/cf-java-logging-support-core-3.7.0.jar:/home/hagar/.m2/repository/com/fasterxml/jackson/jr/jackson-jr-objects/2.14.2/jackson-jr-objects-2.14.2.jar:/home/hagar/.m2/repository/org/apache/commons/commons-lang3/3.12.0/commons-lang3-3.12.0.jar:/home/hagar/.m2/repository/com/auth0/java-jwt/3.19.4/java-jwt-3.19.4.jar:/home/hagar/.m2/repository/com/fasterxml/jackson/core/jackson-databind/2.14.2/jackson-databind-2.14.2.jar:/home/hagar/.m2/repository/com/fasterxml/jackson/core/jackson-annotations/2.14.2/jackson-annotations-2.14.2.jar:/home/hagar/.m2/repository/com/fasterxml/jackson/core/jackson-core/2.14.2/jackson-core-2.14.2.jar:/home/hagar/.m2/repository/org/springframework/boot/spring-boot-starter-test/3.0.4/spring-boot-starter-test-3.0.4.jar:/home/hagar/.m2/repository/org/springframework/boot/spring-boot-test/3.0.4/spring-boot-test-3.0.4.jar:/home/hagar/.m2/repository/org/springframework/boot/spring-boot-test-autoconfigure/3.0.4/spring-boot-test-autoconfigure-3.0.4.jar:/home/hagar/.m2/repository/com/jayway/jsonpath/json-path/2.7.0/json-path-2.7.0.jar:/home/hagar/.m2/repository/net/minidev/json-smart/2.4.8/json-smart-2.4.8.jar:/home/hagar/.m2/repository/net/minidev/accessors-smart/2.4.8/accessors-smart-2.4.8.jar:/home/hagar/.m2/repository/org/slf4j/slf4j-api/2.0.6/slf4j-api-2.0.6.jar:/home/hagar/.m2/repository/jakarta/xml/bind/jakarta.xml.bind-api/4.0.0/jakarta.xml.bind-api-4.0.0.jar:/home/hagar/.m2/repository/jakarta/activation/jakarta.activation-api/2.1.1/jakarta.activation-api-2.1.1.jar:/home/hagar/.m2/repository/org/assertj/assertj-core/3.23.1/assertj-core-3.23.1.jar:/home/hagar/.m2/repository/net/bytebuddy/byte-buddy/1.12.23/byte-buddy-1.12.23.jar:/home/hagar/.m2/repository/org/hamcrest/hamcrest/2.2/hamcrest-2.2.jar:/home/hagar/.m2/repository/org/junit/jupiter/junit-jupiter/5.9.2/junit-jupiter-5.9.2.jar:/home/hagar/.m2/repository/org/junit/jupiter/junit-jupiter-params/5.9.2/junit-jupiter-params-5.9.2.jar:/home/hagar/.m2/repository/org/junit/jupiter/junit-jupiter-engine/5.9.2/junit-jupiter-engine-5.9.2.jar:/home/hagar/.m2/repository/org/mockito/mockito-core/4.8.1/mockito-core-4.8.1.jar:/home/hagar/.m2/repository/net/bytebuddy/byte-buddy-agent/1.12.23/byte-buddy-agent-1.12.23.jar:/home/hagar/.m2/repository/org/objenesis/objenesis/3.2/objenesis-3.2.jar:/home/hagar/.m2/repository/org/mockito/mockito-junit-jupiter/4.8.1/mockito-junit-jupiter-4.8.1.jar:/home/hagar/.m2/repository/org/skyscreamer/jsonassert/1.5.1/jsonassert-1.5.1.jar:/home/hagar/.m2/repository/org/springframework/spring-core/6.0.6/spring-core-6.0.6.jar:/home/hagar/.m2/repository/org/springframework/spring-jcl/6.0.6/spring-jcl-6.0.6.jar:/home/hagar/.m2/repository/org/springframework/spring-test/6.0.6/spring-test-6.0.6.jar:/home/hagar/.m2/repository/org/xmlunit/xmlunit-core/2.9.1/xmlunit-core-2.9.1.jar:/home/hagar/.m2/repository/com/sap/cloud/security/java-security-test/3.1.3/java-security-test-3.1.3.jar:/home/hagar/.m2/repository/com/sap/cloud/security/java-security/3.1.3/java-security-3.1.3.jar:/home/hagar/.m2/repository/junit/junit/4.13.2/junit-4.13.2.jar:/home/hagar/.m2/repository/org/hamcrest/hamcrest-core/2.2/hamcrest-core-2.2.jar:/home/hagar/.m2/repository/org/junit/jupiter/junit-jupiter-api/5.9.2/junit-jupiter-api-5.9.2.jar:/home/hagar/.m2/repository/org/opentest4j/opentest4j/1.2.0/opentest4j-1.2.0.jar:/home/hagar/.m2/repository/org/junit/platform/junit-platform-commons/1.9.2/junit-platform-commons-1.9.2.jar:/home/hagar/.m2/repository/org/eclipse/jetty/jetty-server/11.0.14/jetty-server-11.0.14.jar:/home/hagar/.m2/repository/org/eclipse/jetty/toolchain/jetty-jakarta-servlet-api/5.0.2/jetty-jakarta-servlet-api-5.0.2.jar:/home/hagar/.m2/repository/org/eclipse/jetty/jetty-http/11.0.14/jetty-http-11.0.14.jar:/home/hagar/.m2/repository/org/eclipse/jetty/jetty-servlet/11.0.14/jetty-servlet-11.0.14.jar:/home/hagar/.m2/repository/org/eclipse/jetty/jetty-security/11.0.14/jetty-security-11.0.14.jar:/home/hagar/.m2/repository/org/eclipse/jetty/jetty-webapp/11.0.14/jetty-webapp-11.0.14.jar:/home/hagar/.m2/repository/org/eclipse/jetty/jetty-xml/11.0.14/jetty-xml-11.0.14.jar:/home/hagar/.m2/repository/org/eclipse/jetty/jetty-annotations/11.0.14/jetty-annotations-11.0.14.jar:/home/hagar/.m2/repository/org/eclipse/jetty/jetty-plus/11.0.14/jetty-plus-11.0.14.jar:/home/hagar/.m2/repository/jakarta/transaction/jakarta.transaction-api/2.0.1/jakarta.transaction-api-2.0.1.jar:/home/hagar/.m2/repository/org/eclipse/jetty/jetty-jndi/11.0.14/jetty-jndi-11.0.14.jar:/home/hagar/.m2/repository/org/ow2/asm/asm/9.4/asm-9.4.jar:/home/hagar/.m2/repository/org/ow2/asm/asm-commons/9.4/asm-commons-9.4.jar:/home/hagar/.m2/repository/org/ow2/asm/asm-tree/9.4/asm-tree-9.4.jar:/home/hagar/.m2/repository/org/eclipse/jetty/jetty-io/11.0.14/jetty-io-11.0.14.jar:/home/hagar/.m2/repository/org/eclipse/jetty/jetty-util/11.0.14/jetty-util-11.0.14.jar:/home/hagar/.m2/repository/com/github/tomakehurst/wiremock/3.0.0-beta-10/wiremock-3.0.0-beta-10.jar:/home/hagar/.m2/repository/org/eclipse/jetty/jetty-servlets/11.0.14/jetty-servlets-11.0.14.jar:/home/hagar/.m2/repository/org/eclipse/jetty/jetty-proxy/11.0.14/jetty-proxy-11.0.14.jar:/home/hagar/.m2/repository/org/eclipse/jetty/jetty-client/11.0.14/jetty-client-11.0.14.jar:/home/hagar/.m2/repository/org/eclipse/jetty/http2/http2-server/11.0.14/http2-server-11.0.14.jar:/home/hagar/.m2/repository/org/eclipse/jetty/http2/http2-common/11.0.14/http2-common-11.0.14.jar:/home/hagar/.m2/repository/org/eclipse/jetty/http2/http2-hpack/11.0.14/http2-hpack-11.0.14.jar:/home/hagar/.m2/repository/org/eclipse/jetty/jetty-alpn-server/11.0.14/jetty-alpn-server-11.0.14.jar:/home/hagar/.m2/repository/org/eclipse/jetty/jetty-alpn-java-server/11.0.14/jetty-alpn-java-server-11.0.14.jar:/home/hagar/.m2/repository/org/eclipse/jetty/jetty-alpn-java-client/11.0.14/jetty-alpn-java-client-11.0.14.jar:/home/hagar/.m2/repository/org/eclipse/jetty/jetty-alpn-client/11.0.14/jetty-alpn-client-11.0.14.jar:/home/hagar/.m2/repository/com/google/guava/guava/32.0.1-jre/guava-32.0.1-jre.jar:/home/hagar/.m2/repository/com/google/guava/failureaccess/1.0.1/failureaccess-1.0.1.jar:/home/hagar/.m2/repository/com/google/guava/listenablefuture/9999.0-empty-to-avoid-conflict-with-guava/listenablefuture-9999.0-empty-to-avoid-conflict-with-guava.jar:/home/hagar/.m2/repository/com/google/code/findbugs/jsr305/3.0.2/jsr305-3.0.2.jar:/home/hagar/.m2/repository/com/google/j2objc/j2objc-annotations/2.8/j2objc-annotations-2.8.jar:/home/hagar/.m2/repository/org/apache/httpcomponents/client5/httpclient5/5.1.4/httpclient5-5.1.4.jar:/home/hagar/.m2/repository/org/apache/httpcomponents/core5/httpcore5/5.1.5/httpcore5-5.1.5.jar:/home/hagar/.m2/repository/org/apache/httpcomponents/core5/httpcore5-h2/5.1.5/httpcore5-h2-5.1.5.jar:/home/hagar/.m2/repository/org/xmlunit/xmlunit-legacy/2.9.1/xmlunit-legacy-2.9.1.jar:/home/hagar/.m2/repository/org/xmlunit/xmlunit-placeholders/2.9.1/xmlunit-placeholders-2.9.1.jar:/home/hagar/.m2/repository/net/javacrumbs/json-unit/json-unit-core/2.38.0/json-unit-core-2.38.0.jar:/home/hagar/.m2/repository/net/sf/jopt-simple/jopt-simple/5.0.4/jopt-simple-5.0.4.jar:/home/hagar/.m2/repository/com/github/jknack/handlebars/4.3.1/handlebars-4.3.1.jar:/home/hagar/.m2/repository/com/github/jknack/handlebars-helpers/4.3.1/handlebars-helpers-4.3.1.jar:/home/hagar/.m2/repository/commons-fileupload/commons-fileupload/1.5/commons-fileupload-1.5.jar:/home/hagar/.m2/repository/com/networknt/json-schema-validator/1.0.83/json-schema-validator-1.0.83.jar:/home/hagar/.m2/repository/com/ethlo/time/itu/1.7.0/itu-1.7.0.jar:/home/hagar/.m2/repository/com/fasterxml/jackson/dataformat/jackson-dataformat-yaml/2.14.2/jackson-dataformat-yaml-2.14.2.jar:/home/hagar/.m2/repository/org/junit/vintage/junit-vintage-engine/5.10.0/junit-vintage-engine-5.10.0.jar:/home/hagar/.m2/repository/org/junit/platform/junit-platform-engine/1.9.2/junit-platform-engine-1.9.2.jar:/home/hagar/.m2/repository/org/apiguardian/apiguardian-api/1.1.2/apiguardian-api-1.1.2.jar:"/>
    <property name="java.vm.vendor" value="Oracle Corporation"/>
    <property name="sun.arch.data.model" value="64"/>
    <property name="java.vendor.url" value="https://java.oracle.com/"/>
    <property name="user.timezone" value="Africa/Cairo"/>
    <property name="os.name" value="Linux"/>
    <property name="java.vm.specification.version" value="20"/>
    <property name="sun.java.launcher" value="SUN_STANDARD"/>
    <property name="user.country" value="US"/>
    <property name="sun.boot.library.path" value="/usr/lib/jvm/jdk-20/lib"/>
    <property name="sun.java.command" value="/home/hagar/cloud-security-services-integration-library/samples/spring-security-hybrid-usage/target/surefire/surefirebooter-20231017185714669_3.jar /home/hagar/cloud-security-services-integration-library/samples/spring-security-hybrid-usage/target/surefire 2023-10-17T18-57-14_049-jvmRun1 surefire-20231017185714669_1tmp surefire_0-20231017185714669_2tmp"/>
    <property name="jdk.debug" value="release"/>
    <property name="surefire.test.class.path" value="/home/hagar/cloud-security-services-integration-library/samples/spring-security-hybrid-usage/target/test-classes:/home/hagar/cloud-security-services-integration-library/samples/spring-security-hybrid-usage/target/classes:/home/hagar/.m2/repository/org/springframework/boot/spring-boot-starter-web/3.0.4/spring-boot-starter-web-3.0.4.jar:/home/hagar/.m2/repository/org/springframework/boot/spring-boot-starter/3.0.4/spring-boot-starter-3.0.4.jar:/home/hagar/.m2/repository/org/springframework/boot/spring-boot/3.0.4/spring-boot-3.0.4.jar:/home/hagar/.m2/repository/org/springframework/boot/spring-boot-starter-logging/3.0.4/spring-boot-starter-logging-3.0.4.jar:/home/hagar/.m2/repository/ch/qos/logback/logback-classic/1.4.5/logback-classic-1.4.5.jar:/home/hagar/.m2/repository/ch/qos/logback/logback-core/1.4.5/logback-core-1.4.5.jar:/home/hagar/.m2/repository/org/slf4j/jul-to-slf4j/2.0.6/jul-to-slf4j-2.0.6.jar:/home/hagar/.m2/repository/jakarta/annotation/jakarta.annotation-api/2.1.1/jakarta.annotation-api-2.1.1.jar:/home/hagar/.m2/repository/org/yaml/snakeyaml/1.33/snakeyaml-1.33.jar:/home/hagar/.m2/repository/org/springframework/boot/spring-boot-starter-json/3.0.4/spring-boot-starter-json-3.0.4.jar:/home/hagar/.m2/repository/com/fasterxml/jackson/datatype/jackson-datatype-jdk8/2.14.2/jackson-datatype-jdk8-2.14.2.jar:/home/hagar/.m2/repository/com/fasterxml/jackson/datatype/jackson-datatype-jsr310/2.14.2/jackson-datatype-jsr310-2.14.2.jar:/home/hagar/.m2/repository/com/fasterxml/jackson/module/jackson-module-parameter-names/2.14.2/jackson-module-parameter-names-2.14.2.jar:/home/hagar/.m2/repository/org/springframework/boot/spring-boot-starter-tomcat/3.0.4/spring-boot-starter-tomcat-3.0.4.jar:/home/hagar/.m2/repository/org/apache/tomcat/embed/tomcat-embed-core/10.1.5/tomcat-embed-core-10.1.5.jar:/home/hagar/.m2/repository/org/apache/tomcat/embed/tomcat-embed-el/10.1.5/tomcat-embed-el-10.1.5.jar:/home/hagar/.m2/repository/org/apache/tomcat/embed/tomcat-embed-websocket/10.1.5/tomcat-embed-websocket-10.1.5.jar:/home/hagar/.m2/repository/org/springframework/spring-web/6.0.6/spring-web-6.0.6.jar:/home/hagar/.m2/repository/org/springframework/spring-beans/6.0.6/spring-beans-6.0.6.jar:/home/hagar/.m2/repository/io/micrometer/micrometer-observation/1.10.4/micrometer-observation-1.10.4.jar:/home/hagar/.m2/repository/io/micrometer/micrometer-commons/1.10.4/micrometer-commons-1.10.4.jar:/home/hagar/.m2/repository/org/springframework/spring-webmvc/6.0.6/spring-webmvc-6.0.6.jar:/home/hagar/.m2/repository/org/springframework/spring-context/6.0.6/spring-context-6.0.6.jar:/home/hagar/.m2/repository/org/springframework/spring-expression/6.0.6/spring-expression-6.0.6.jar:/home/hagar/.m2/repository/org/springframework/boot/spring-boot-starter-security/3.0.4/spring-boot-starter-security-3.0.4.jar:/home/hagar/.m2/repository/org/springframework/spring-aop/6.0.6/spring-aop-6.0.6.jar:/home/hagar/.m2/repository/org/springframework/security/spring-security-config/6.0.2/spring-security-config-6.0.2.jar:/home/hagar/.m2/repository/org/springframework/security/spring-security-core/6.0.2/spring-security-core-6.0.2.jar:/home/hagar/.m2/repository/org/springframework/security/spring-security-crypto/6.0.2/spring-security-crypto-6.0.2.jar:/home/hagar/.m2/repository/org/springframework/security/spring-security-web/6.0.2/spring-security-web-6.0.2.jar:/home/hagar/.m2/repository/com/sap/cloud/security/resourceserver-security-spring-boot-starter/3.1.3/resourceserver-security-spring-boot-starter-3.1.3.jar:/home/hagar/.m2/repository/com/sap/cloud/security/spring-security/3.1.3/spring-security-3.1.3.jar:/home/hagar/.m2/repository/org/springframework/security/spring-security-oauth2-jose/6.0.2/spring-security-oauth2-jose-6.0.2.jar:/home/hagar/.m2/repository/org/springframework/security/spring-security-oauth2-core/6.0.2/spring-security-oauth2-core-6.0.2.jar:/home/hagar/.m2/repository/com/nimbusds/nimbus-jose-jwt/9.24.4/nimbus-jose-jwt-9.24.4.jar:/home/hagar/.m2/repository/com/github/stephenc/jcip/jcip-annotations/1.0-1/jcip-annotations-1.0-1.jar:/home/hagar/.m2/repository/org/springframework/security/spring-security-oauth2-resource-server/6.0.2/spring-security-oauth2-resource-server-6.0.2.jar:/home/hagar/.m2/repository/org/springframework/boot/spring-boot-autoconfigure/3.0.4/spring-boot-autoconfigure-3.0.4.jar:/home/hagar/.m2/repository/com/sap/cloud/security/java-api/3.1.3/java-api-3.1.3.jar:/home/hagar/.m2/repository/com/sap/cloud/security/xsuaa/spring-security-compatibility/3.1.3/spring-security-compatibility-3.1.3.jar:/home/hagar/.m2/repository/com/sap/cloud/security/xsuaa/spring-xsuaa/3.1.3/spring-xsuaa-3.1.3.jar:/home/hagar/.m2/repository/org/apache/logging/log4j/log4j-to-slf4j/2.19.0/log4j-to-slf4j-2.19.0.jar:/home/hagar/.m2/repository/org/apache/logging/log4j/log4j-api/2.19.0/log4j-api-2.19.0.jar:/home/hagar/.m2/repository/com/sap/cloud/security/env/3.1.3/env-3.1.3.jar:/home/hagar/.m2/repository/com/sap/cloud/environment/servicebinding/java-sap-vcap-services/0.9.0/java-sap-vcap-services-0.9.0.jar:/home/hagar/.m2/repository/com/sap/cloud/environment/servicebinding/api/java-core-api/0.9.0/java-core-api-0.9.0.jar:/home/hagar/.m2/repository/com/sap/cloud/environment/servicebinding/java-sap-service-operator/0.9.0/java-sap-service-operator-0.9.0.jar:/home/hagar/.m2/repository/com/sap/cloud/environment/servicebinding/api/java-consumption-api/0.9.0/java-consumption-api-0.9.0.jar:/home/hagar/.m2/repository/com/sap/cloud/environment/servicebinding/api/java-access-api/0.9.0/java-access-api-0.9.0.jar:/home/hagar/.m2/repository/org/json/json/20230618/json-20230618.jar:/home/hagar/.m2/repository/com/sap/cloud/security/xsuaa/token-client/3.1.3/token-client-3.1.3.jar:/home/hagar/.m2/repository/com/github/ben-manes/caffeine/caffeine/3.1.4/caffeine-3.1.4.jar:/home/hagar/.m2/repository/org/checkerframework/checker-qual/3.31.0/checker-qual-3.31.0.jar:/home/hagar/.m2/repository/com/google/errorprone/error_prone_annotations/2.18.0/error_prone_annotations-2.18.0.jar:/home/hagar/.m2/repository/commons-io/commons-io/2.13.0/commons-io-2.13.0.jar:/home/hagar/.m2/repository/org/apache/httpcomponents/httpclient/4.5.14/httpclient-4.5.14.jar:/home/hagar/.m2/repository/org/apache/httpcomponents/httpcore/4.4.16/httpcore-4.4.16.jar:/home/hagar/.m2/repository/commons-codec/commons-codec/1.15/commons-codec-1.15.jar:/home/hagar/.m2/repository/com/sap/hcp/cf/logging/cf-java-logging-support-servlet-jakarta/3.7.0/cf-java-logging-support-servlet-jakarta-3.7.0.jar:/home/hagar/.m2/repository/com/sap/hcp/cf/logging/cf-java-logging-support-core/3.7.0/cf-java-logging-support-core-3.7.0.jar:/home/hagar/.m2/repository/com/fasterxml/jackson/jr/jackson-jr-objects/2.14.2/jackson-jr-objects-2.14.2.jar:/home/hagar/.m2/repository/org/apache/commons/commons-lang3/3.12.0/commons-lang3-3.12.0.jar:/home/hagar/.m2/repository/com/auth0/java-jwt/3.19.4/java-jwt-3.19.4.jar:/home/hagar/.m2/repository/com/fasterxml/jackson/core/jackson-databind/2.14.2/jackson-databind-2.14.2.jar:/home/hagar/.m2/repository/com/fasterxml/jackson/core/jackson-annotations/2.14.2/jackson-annotations-2.14.2.jar:/home/hagar/.m2/repository/com/fasterxml/jackson/core/jackson-core/2.14.2/jackson-core-2.14.2.jar:/home/hagar/.m2/repository/org/springframework/boot/spring-boot-starter-test/3.0.4/spring-boot-starter-test-3.0.4.jar:/home/hagar/.m2/repository/org/springframework/boot/spring-boot-test/3.0.4/spring-boot-test-3.0.4.jar:/home/hagar/.m2/repository/org/springframework/boot/spring-boot-test-autoconfigure/3.0.4/spring-boot-test-autoconfigure-3.0.4.jar:/home/hagar/.m2/repository/com/jayway/jsonpath/json-path/2.7.0/json-path-2.7.0.jar:/home/hagar/.m2/repository/net/minidev/json-smart/2.4.8/json-smart-2.4.8.jar:/home/hagar/.m2/repository/net/minidev/accessors-smart/2.4.8/accessors-smart-2.4.8.jar:/home/hagar/.m2/repository/org/slf4j/slf4j-api/2.0.6/slf4j-api-2.0.6.jar:/home/hagar/.m2/repository/jakarta/xml/bind/jakarta.xml.bind-api/4.0.0/jakarta.xml.bind-api-4.0.0.jar:/home/hagar/.m2/repository/jakarta/activation/jakarta.activation-api/2.1.1/jakarta.activation-api-2.1.1.jar:/home/hagar/.m2/repository/org/assertj/assertj-core/3.23.1/assertj-core-3.23.1.jar:/home/hagar/.m2/repository/net/bytebuddy/byte-buddy/1.12.23/byte-buddy-1.12.23.jar:/home/hagar/.m2/repository/org/hamcrest/hamcrest/2.2/hamcrest-2.2.jar:/home/hagar/.m2/repository/org/junit/jupiter/junit-jupiter/5.9.2/junit-jupiter-5.9.2.jar:/home/hagar/.m2/repository/org/junit/jupiter/junit-jupiter-params/5.9.2/junit-jupiter-params-5.9.2.jar:/home/hagar/.m2/repository/org/junit/jupiter/junit-jupiter-engine/5.9.2/junit-jupiter-engine-5.9.2.jar:/home/hagar/.m2/repository/org/mockito/mockito-core/4.8.1/mockito-core-4.8.1.jar:/home/hagar/.m2/repository/net/bytebuddy/byte-buddy-agent/1.12.23/byte-buddy-agent-1.12.23.jar:/home/hagar/.m2/repository/org/objenesis/objenesis/3.2/objenesis-3.2.jar:/home/hagar/.m2/repository/org/mockito/mockito-junit-jupiter/4.8.1/mockito-junit-jupiter-4.8.1.jar:/home/hagar/.m2/repository/org/skyscreamer/jsonassert/1.5.1/jsonassert-1.5.1.jar:/home/hagar/.m2/repository/org/springframework/spring-core/6.0.6/spring-core-6.0.6.jar:/home/hagar/.m2/repository/org/springframework/spring-jcl/6.0.6/spring-jcl-6.0.6.jar:/home/hagar/.m2/repository/org/springframework/spring-test/6.0.6/spring-test-6.0.6.jar:/home/hagar/.m2/repository/org/xmlunit/xmlunit-core/2.9.1/xmlunit-core-2.9.1.jar:/home/hagar/.m2/repository/com/sap/cloud/security/java-security-test/3.1.3/java-security-test-3.1.3.jar:/home/hagar/.m2/repository/com/sap/cloud/security/java-security/3.1.3/java-security-3.1.3.jar:/home/hagar/.m2/repository/junit/junit/4.13.2/junit-4.13.2.jar:/home/hagar/.m2/repository/org/hamcrest/hamcrest-core/2.2/hamcrest-core-2.2.jar:/home/hagar/.m2/repository/org/junit/jupiter/junit-jupiter-api/5.9.2/junit-jupiter-api-5.9.2.jar:/home/hagar/.m2/repository/org/opentest4j/opentest4j/1.2.0/opentest4j-1.2.0.jar:/home/hagar/.m2/repository/org/junit/platform/junit-platform-commons/1.9.2/junit-platform-commons-1.9.2.jar:/home/hagar/.m2/repository/org/eclipse/jetty/jetty-server/11.0.14/jetty-server-11.0.14.jar:/home/hagar/.m2/repository/org/eclipse/jetty/toolchain/jetty-jakarta-servlet-api/5.0.2/jetty-jakarta-servlet-api-5.0.2.jar:/home/hagar/.m2/repository/org/eclipse/jetty/jetty-http/11.0.14/jetty-http-11.0.14.jar:/home/hagar/.m2/repository/org/eclipse/jetty/jetty-servlet/11.0.14/jetty-servlet-11.0.14.jar:/home/hagar/.m2/repository/org/eclipse/jetty/jetty-security/11.0.14/jetty-security-11.0.14.jar:/home/hagar/.m2/repository/org/eclipse/jetty/jetty-webapp/11.0.14/jetty-webapp-11.0.14.jar:/home/hagar/.m2/repository/org/eclipse/jetty/jetty-xml/11.0.14/jetty-xml-11.0.14.jar:/home/hagar/.m2/repository/org/eclipse/jetty/jetty-annotations/11.0.14/jetty-annotations-11.0.14.jar:/home/hagar/.m2/repository/org/eclipse/jetty/jetty-plus/11.0.14/jetty-plus-11.0.14.jar:/home/hagar/.m2/repository/jakarta/transaction/jakarta.transaction-api/2.0.1/jakarta.transaction-api-2.0.1.jar:/home/hagar/.m2/repository/org/eclipse/jetty/jetty-jndi/11.0.14/jetty-jndi-11.0.14.jar:/home/hagar/.m2/repository/org/ow2/asm/asm/9.4/asm-9.4.jar:/home/hagar/.m2/repository/org/ow2/asm/asm-commons/9.4/asm-commons-9.4.jar:/home/hagar/.m2/repository/org/ow2/asm/asm-tree/9.4/asm-tree-9.4.jar:/home/hagar/.m2/repository/org/eclipse/jetty/jetty-io/11.0.14/jetty-io-11.0.14.jar:/home/hagar/.m2/repository/org/eclipse/jetty/jetty-util/11.0.14/jetty-util-11.0.14.jar:/home/hagar/.m2/repository/com/github/tomakehurst/wiremock/3.0.0-beta-10/wiremock-3.0.0-beta-10.jar:/home/hagar/.m2/repository/org/eclipse/jetty/jetty-servlets/11.0.14/jetty-servlets-11.0.14.jar:/home/hagar/.m2/repository/org/eclipse/jetty/jetty-proxy/11.0.14/jetty-proxy-11.0.14.jar:/home/hagar/.m2/repository/org/eclipse/jetty/jetty-client/11.0.14/jetty-client-11.0.14.jar:/home/hagar/.m2/repository/org/eclipse/jetty/http2/http2-server/11.0.14/http2-server-11.0.14.jar:/home/hagar/.m2/repository/org/eclipse/jetty/http2/http2-common/11.0.14/http2-common-11.0.14.jar:/home/hagar/.m2/repository/org/eclipse/jetty/http2/http2-hpack/11.0.14/http2-hpack-11.0.14.jar:/home/hagar/.m2/repository/org/eclipse/jetty/jetty-alpn-server/11.0.14/jetty-alpn-server-11.0.14.jar:/home/hagar/.m2/repository/org/eclipse/jetty/jetty-alpn-java-server/11.0.14/jetty-alpn-java-server-11.0.14.jar:/home/hagar/.m2/repository/org/eclipse/jetty/jetty-alpn-java-client/11.0.14/jetty-alpn-java-client-11.0.14.jar:/home/hagar/.m2/repository/org/eclipse/jetty/jetty-alpn-client/11.0.14/jetty-alpn-client-11.0.14.jar:/home/hagar/.m2/repository/com/google/guava/guava/32.0.1-jre/guava-32.0.1-jre.jar:/home/hagar/.m2/repository/com/google/guava/failureaccess/1.0.1/failureaccess-1.0.1.jar:/home/hagar/.m2/repository/com/google/guava/listenablefuture/9999.0-empty-to-avoid-conflict-with-guava/listenablefuture-9999.0-empty-to-avoid-conflict-with-guava.jar:/home/hagar/.m2/repository/com/google/code/findbugs/jsr305/3.0.2/jsr305-3.0.2.jar:/home/hagar/.m2/repository/com/google/j2objc/j2objc-annotations/2.8/j2objc-annotations-2.8.jar:/home/hagar/.m2/repository/org/apache/httpcomponents/client5/httpclient5/5.1.4/httpclient5-5.1.4.jar:/home/hagar/.m2/repository/org/apache/httpcomponents/core5/httpcore5/5.1.5/httpcore5-5.1.5.jar:/home/hagar/.m2/repository/org/apache/httpcomponents/core5/httpcore5-h2/5.1.5/httpcore5-h2-5.1.5.jar:/home/hagar/.m2/repository/org/xmlunit/xmlunit-legacy/2.9.1/xmlunit-legacy-2.9.1.jar:/home/hagar/.m2/repository/org/xmlunit/xmlunit-placeholders/2.9.1/xmlunit-placeholders-2.9.1.jar:/home/hagar/.m2/repository/net/javacrumbs/json-unit/json-unit-core/2.38.0/json-unit-core-2.38.0.jar:/home/hagar/.m2/repository/net/sf/jopt-simple/jopt-simple/5.0.4/jopt-simple-5.0.4.jar:/home/hagar/.m2/repository/com/github/jknack/handlebars/4.3.1/handlebars-4.3.1.jar:/home/hagar/.m2/repository/com/github/jknack/handlebars-helpers/4.3.1/handlebars-helpers-4.3.1.jar:/home/hagar/.m2/repository/commons-fileupload/commons-fileupload/1.5/commons-fileupload-1.5.jar:/home/hagar/.m2/repository/com/networknt/json-schema-validator/1.0.83/json-schema-validator-1.0.83.jar:/home/hagar/.m2/repository/com/ethlo/time/itu/1.7.0/itu-1.7.0.jar:/home/hagar/.m2/repository/com/fasterxml/jackson/dataformat/jackson-dataformat-yaml/2.14.2/jackson-dataformat-yaml-2.14.2.jar:/home/hagar/.m2/repository/org/junit/vintage/junit-vintage-engine/5.10.0/junit-vintage-engine-5.10.0.jar:/home/hagar/.m2/repository/org/junit/platform/junit-platform-engine/1.9.2/junit-platform-engine-1.9.2.jar:/home/hagar/.m2/repository/org/apiguardian/apiguardian-api/1.1.2/apiguardian-api-1.1.2.jar:"/>
    <property name="sun.cpu.endian" value="little"/>
    <property name="user.home" value="/home/hagar"/>
    <property name="user.language" value="en"/>
    <property name="java.specification.vendor" value="Oracle Corporation"/>
    <property name="java.version.date" value="2023-07-18"/>
    <property name="java.home" value="/usr/lib/jvm/jdk-20"/>
    <property name="file.separator" value="/"/>
    <property name="basedir" value="/home/hagar/cloud-security-services-integration-library/samples/spring-security-hybrid-usage"/>
    <property name="java.vm.compressedOopsMode" value="Zero based"/>
    <property name="line.separator" value="&#10;"/>
    <property name="java.vm.specification.vendor" value="Oracle Corporation"/>
    <property name="java.specification.name" value="Java Platform API Specification"/>
    <property name="FILE_LOG_CHARSET" value="UTF-8"/>
    <property name="java.awt.headless" value="true"/>
    <property name="surefire.real.class.path" value="/home/hagar/cloud-security-services-integration-library/samples/spring-security-hybrid-usage/target/surefire/surefirebooter-20231017185714669_3.jar"/>
    <property name="sun.management.compiler" value="HotSpot 64-Bit Tiered Compilers"/>
    <property name="org.eclipse.jetty.http.HttpGenerator.STRICT" value="true"/>
    <property name="java.runtime.version" value="20.0.2+9-78"/>
    <property name="user.name" value="hagar"/>
    <property name="stdout.encoding" value="UTF-8"/>
    <property name="path.separator" value=":"/>
    <property name="os.version" value="6.2.0-34-generic"/>
    <property name="java.runtime.name" value="Java(TM) SE Runtime Environment"/>
    <property name="file.encoding" value="UTF-8"/>
    <property name="java.vm.name" value="Java HotSpot(TM) 64-Bit Server VM"/>
    <property name="localRepository" value="/home/hagar/.m2/repository"/>
    <property name="javax.xml.xpath.XPathFactory:http://java.sun.com/jaxp/xpath/dom" value="com.sun.org.apache.xpath.internal.jaxp.XPathFactoryImpl"/>
    <property name="java.vendor.url.bug" value="https://bugreport.java.com/bugreport/"/>
    <property name="jetty.git.hash" value="4601fe8dd805ce75b69c64466c115a162586641b"/>
    <property name="java.io.tmpdir" value="/tmp"/>
    <property name="java.version" value="20.0.2"/>
    <property name="user.dir" value="/home/hagar/cloud-security-services-integration-library/samples/spring-security-hybrid-usage"/>
    <property name="os.arch" value="amd64"/>
    <property name="java.vm.specification.name" value="Java Virtual Machine Specification"/>
    <property name="PID" value="273770"/>
    <property name="CONSOLE_LOG_CHARSET" value="UTF-8"/>
    <property name="native.encoding" value="UTF-8"/>
    <property name="java.library.path" value="/usr/java/packages/lib:/usr/lib64:/lib64:/lib:/usr/lib"/>
    <property name="java.vm.info" value="mixed mode, sharing"/>
    <property name="stderr.encoding" value="UTF-8"/>
    <property name="java.vendor" value="Oracle Corporation"/>
    <property name="java.vm.version" value="20.0.2+9-78"/>
    <property name="sun.io.unicode.encoding" value="UnicodeLittle"/>
    <property name="javax.xml.transform.TransformerFactory" value="com.sun.org.apache.xalan.internal.xsltc.trax.TransformerFactoryImpl"/>
    <property name="java.class.version" value="64.0"/>
  </properties>
  <testcase name="sayHello" classname="sample.spring.security.TestControllerTest" time="1.08">
    <system-out><![CDATA[2023-10-17T18:58:04.244+03:00  WARN 273770 --- [           main] o.e.jetty.server.AbstractConnector       : Acceptors should be <= availableProcessors: NetworkTrafficServerConnector@7e7987b8{HTTP/1.1, (http/1.1, h2c)}{0.0.0.0:0} 
2023-10-17T18:58:04.251+03:00  WARN 273770 --- [           main] c.s.c.s.client.DefaultHttpClientFactory  : Application has already created HttpClient for clientId = null, please check.
2023-10-17T18:58:04.928+03:00  WARN 273770 --- [           main] o.e.jetty.server.AbstractConnector       : Acceptors should be <= availableProcessors: NetworkTrafficServerConnector@1af6d656{HTTP/1.1, (http/1.1, h2c)}{0.0.0.0:0} 
2023-10-17T18:58:04.932+03:00  INFO 273770 --- [           main] org.eclipse.jetty.server.Server          : jetty-11.0.14; built: 2023-02-22T23:41:48.575Z; git: 4601fe8dd805ce75b69c64466c115a162586641b; jvm 20.0.2+9-78
2023-10-17T18:58:04.938+03:00  INFO 273770 --- [           main] o.e.jetty.server.handler.ContextHandler  : Started o.e.j.s.ServletContextHandler@2f5a092e{/__admin,null,AVAILABLE}
2023-10-17T18:58:04.939+03:00  INFO 273770 --- [           main] o.e.j.s.handler.ContextHandler.ROOT      : RequestHandlerClass from context returned com.github.tomakehurst.wiremock.http.StubRequestHandler. Normalized mapped under returned 'null'
2023-10-17T18:58:04.939+03:00  INFO 273770 --- [           main] o.e.jetty.server.handler.ContextHandler  : Started o.e.j.s.ServletContextHandler@1640a6b5{/,null,AVAILABLE}
2023-10-17T18:58:04.940+03:00  INFO 273770 --- [           main] o.e.jetty.server.AbstractConnector       : Started NetworkTrafficServerConnector@7e7987b8{HTTP/1.1, (http/1.1, h2c)}{0.0.0.0:35473}
2023-10-17T18:58:04.940+03:00  INFO 273770 --- [           main] org.eclipse.jetty.server.Server          : Started Server@f0d01c9{STARTING}[11.0.14,sto=1000] @49590ms
2023-10-17T18:58:04.942+03:00  INFO 273770 --- [           main] org.eclipse.jetty.server.Server          : jetty-11.0.14; built: 2023-02-22T23:41:48.575Z; git: 4601fe8dd805ce75b69c64466c115a162586641b; jvm 20.0.2+9-78
2023-10-17T18:58:04.955+03:00  INFO 273770 --- [           main] o.e.jetty.server.handler.ContextHandler  : Started o.e.j.s.ServletContextHandler@1b868ef0{/__admin,null,AVAILABLE}
2023-10-17T18:58:04.956+03:00  INFO 273770 --- [           main] o.e.j.s.handler.ContextHandler.ROOT      : RequestHandlerClass from context returned com.github.tomakehurst.wiremock.http.StubRequestHandler. Normalized mapped under returned 'null'
2023-10-17T18:58:04.956+03:00  INFO 273770 --- [           main] o.e.jetty.server.handler.ContextHandler  : Started o.e.j.s.ServletContextHandler@102f3f05{/,null,AVAILABLE}
2023-10-17T18:58:04.959+03:00  INFO 273770 --- [           main] o.e.jetty.server.AbstractConnector       : Started NetworkTrafficServerConnector@1af6d656{HTTP/1.1, (http/1.1, h2c)}{0.0.0.0:37513}
2023-10-17T18:58:04.959+03:00  INFO 273770 --- [           main] org.eclipse.jetty.server.Server          : Started Server@67b20b4c{STARTING}[11.0.14,sto=1000] @49609ms

  .   ____          _            __ _ _
 /\\ / ___'_ __ _ _(_)_ __  __ _ \ \ \ \
( ( )\___ | '_ | '_| | '_ \/ _` | \ \ \ \
 \\/  ___)| |_)| | | | | || (_| |  ) ) ) )
  '  |____| .__|_| |_|_| |_\__, | / / / /
 =========|_|==============|___/=/_/_/_/
 :: Spring Boot ::                (v3.0.4)

2023-10-17T18:58:05.031+03:00  INFO 273770 --- [           main] s.spring.security.TestControllerTest     : Starting TestControllerTest using Java 20.0.2 with PID 273770 (started by hagar in /home/hagar/cloud-security-services-integration-library/samples/spring-security-hybrid-usage)
2023-10-17T18:58:05.031+03:00  INFO 273770 --- [           main] s.spring.security.TestControllerTest     : No active profile set, falling back to 1 default profile: "default"
2023-10-17T18:58:05.552+03:00  INFO 273770 --- [           main] c.s.c.s.t.v.v.JwtAudienceValidator       : configured JwtAudienceValidator with clientId sb-clientId!t0815.
2023-10-17T18:58:05.552+03:00  INFO 273770 --- [           main] c.s.c.s.t.v.v.JwtAudienceValidator       : configured JwtAudienceValidator with clientId xsapp!t0815.
2023-10-17T18:58:05.552+03:00  INFO 273770 --- [           main] c.s.c.s.t.v.v.JwtAudienceValidator       : configured JwtAudienceValidator with clientId sb-clientId!t0815.
2023-10-17T18:58:05.580+03:00  INFO 273770 --- [           main] o.s.s.web.DefaultSecurityFilterChain     : Will secure any request with [org.springframework.security.web.session.DisableEncodeUrlFilter@67d55a46, org.springframework.security.web.context.request.async.WebAsyncManagerIntegrationFilter@72115c48, org.springframework.security.web.context.SecurityContextHolderFilter@10660795, org.springframework.security.web.header.HeaderWriterFilter@12b66c89, org.springframework.security.web.csrf.CsrfFilter@4df13b7e, org.springframework.security.web.authentication.logout.LogoutFilter@2e3b4394, org.springframework.security.oauth2.server.resource.web.authentication.BearerTokenAuthenticationFilter@13868c41, org.springframework.security.web.savedrequest.RequestCacheAwareFilter@3ccc4ca0, org.springframework.security.web.servletapi.SecurityContextHolderAwareRequestFilter@1dbfbd94, org.springframework.security.web.authentication.AnonymousAuthenticationFilter@1d982fbe, org.springframework.security.web.session.SessionManagementFilter@5408fca1, org.springframework.security.web.access.ExceptionTranslationFilter@477d6f66, org.springframework.security.web.access.intercept.AuthorizationFilter@10ffe32f]
2023-10-17T18:58:05.583+03:00  WARN 273770 --- [           main] o.s.s.c.a.web.builders.WebSecurity       : 

********************************************************************
**********        Security debugging is enabled.       *************
**********    This may include sensitive information.  *************
**********      Do not use in a production system!     *************
********************************************************************


2023-10-17T18:58:05.749+03:00  INFO 273770 --- [           main] kenFlowAutoConfiguration$$SpringCGLIB$$0 : If the performance for the token validation is degrading provide your own well configured HttpClientFactory implementation
2023-10-17T18:58:05.749+03:00  WARN 273770 --- [           main] c.s.c.s.client.DefaultHttpClientFactory  : Application has already created HttpClient for clientId = sb-clientId!t0815, please check.
2023-10-17T18:58:05.782+03:00  INFO 273770 --- [           main] o.s.b.t.m.w.SpringBootMockServletContext : Initializing Spring TestDispatcherServlet ''
2023-10-17T18:58:05.783+03:00  INFO 273770 --- [           main] o.s.t.web.servlet.TestDispatcherServlet  : Initializing Servlet ''
2023-10-17T18:58:05.783+03:00  INFO 273770 --- [           main] o.s.t.web.servlet.TestDispatcherServlet  : Completed initialization in 0 ms
2023-10-17T18:58:05.790+03:00  INFO 273770 --- [           main] s.spring.security.TestControllerTest     : Started TestControllerTest in 0.825 seconds (process running for 50.44)
2023-10-17T18:58:06.810+03:00  INFO 273770 --- [           main] c.s.h.c.l.s.dynlog.DynLogEnvironment     : The header key used to retrieve the dynamic log level token has been set to the default value: SAP-LOG-LEVEL
2023-10-17T18:58:06.810+03:00  INFO 273770 --- [           main] c.s.h.c.l.s.dynlog.PublicKeyReader       : DYN_LOG_LEVEL_KEY not found in environment
2023-10-17T18:58:06.811+03:00  INFO 273770 --- [           main] Spring Security Debugger                 : 

************************************************************

Request received for GET '/sayHello':

com.sap.hcp.cf.logging.servlet.filter.LoggingContextRequestWrapper@6a905513

servletPath:
pathInfo:/sayHello
headers: 
Authorization: Bearer eyJqa3UiOiJodHRwOi8vbG9jYWxob3N0OjM1NDczL3Rva2VuX2tleXMiLCJraWQiOiJkZWZhdWx0LWtpZCIsImFsZyI6IlJTMjU2In0.eyJhdWQiOlsic2ItY2xpZW50SWQhdDA4MTUiXSwiZXh0X2F0dHIiOnsiZW5oYW5jZXIiOiJYU1VBQSJ9LCJ6aWQiOiJ0aGUtem9uZS1pZCIsImdyYW50X3R5cGUiOiJ1cm46aWV0ZjpwYXJhbXM6b2F1dGg6Z3JhbnQtdHlwZTpqd3QtYmVhcmVyIiwiYXpwIjoic2ItY2xpZW50SWQhdDA4MTUiLCJzY29wZSI6WyJ4c2FwcCF0MDgxNS5SZWFkIl0sImlzcyI6Imh0dHA6Ly9sb2NhbGhvc3Q6MzU0NzMiLCJleHAiOjY5NzQwMjgwMDAsImNpZCI6InNiLWNsaWVudElkIXQwODE1In0.TH9Q-h0xtMT5kztMyVKwtTA5Pm3f5zCn_lCjOdgqTLTsaI8BEezwWjcKWTZHtFD4JkhDzjEBjyV_jKY8MFNJCiOwJgTbIuV2tpm2IkbXfd2lAJDzKZwUfs2uVdusefFizS9GBji2FXPAB-vh6PjLWrU6tyBGmw_0zLtTssBEGyxx9V1mKY9OUFOfgxH8Elgqi8lmoTwcU5rD3i0THNXFvnWZ-Ji_tBbn_LF3WxEJb_CT92ZhIWQswUuDm6A4j0TJWk6c-Wey8OgHDD2icCryBcIQDQsUmUDl7L2OwYaGVHikJVg6RpwxjMHvJkG8i6r5ADiHyjj1lI75NzQsdl71NkNLYW794JttJx30IEoLeY96wU_9szNjaTqCi_8OEVH5BGofHBSIxp3k2OnMUzSBaQWubpOb3rJa3cMLgowjwyCFn0zSTw4F0JGLtcwcLQ2U-9lIpkwp_uFnmRVcx5Gh7wzhl8DBr94-TXDOn6RF_zc84jCXvQ9Exp-wWXOTbxX4


Security filter chain: [
  DisableEncodeUrlFilter
  WebAsyncManagerIntegrationFilter
  SecurityContextHolderFilter
  HeaderWriterFilter
  CsrfFilter
  LogoutFilter
  BearerTokenAuthenticationFilter
  RequestCacheAwareFilter
  SecurityContextHolderAwareRequestFilter
  AnonymousAuthenticationFilter
  SessionManagementFilter
  ExceptionTranslationFilter
  AuthorizationFilter
]


************************************************************


2023-10-17T18:58:06.813+03:00  WARN 273770 --- [           main] c.s.c.s.client.DefaultHttpClientFactory  : Application has already created HttpClient for clientId = null, please check.
2023-10-17T18:58:06.839+03:00  INFO 273770 --- [           main] c.s.c.s.t.v.v.JwtAudienceValidator       : The audiences that are derived from the token: [sb-clientId!t0815].
2023-10-17T18:58:06.843+03:00  WARN 273770 --- [           main] c.sap.cloud.security.token.XsuaaToken    : origin claim not set in JWT. Cannot create unique user name. Returning null.
2023-10-17T18:58:06.843+03:00  INFO 273770 --- [           main] c.s.h.c.l.servlet.filter.RequestLogger   : 
2023-10-17T18:58:06.845+03:00  INFO 273770 --- [           main] Spring Security Debugger                 : 

************************************************************

Request received for GET '/sayHello':

com.sap.hcp.cf.logging.servlet.filter.LoggingContextRequestWrapper@315365ef

servletPath:
pathInfo:/sayHello
headers: 
Authorization: Bearer eyJraWQiOiJkZWZhdWx0LWtpZC1pYXMiLCJhbGciOiJSUzI1NiJ9.eyJhdWQiOiJzYi1jbGllbnRJZCF0MDgxNSIsInNjaW1faWQiOiJ0aGUtdXNlci1pZCIsInVzZXJfdXVpZCI6InRoZS11c2VyLWlkIiwiYXBwX3RpZCI6InRoZS1hcHAtdGlkIiwiYXpwIjoic2ItY2xpZW50SWQhdDA4MTUiLCJpc3MiOiJodHRwOi8vbG9jYWxob3N0OjM3NTEzIiwiem9uZV91dWlkIjoidGhlLXpvbmUtaWQiLCJncm91cHMiOlsiSUFTQVVUSFpfUmVhZCJdLCJleHAiOjY5NzQwMjgwMDAsImNpZCI6InNiLWNsaWVudElkIXQwODE1In0.Lmjx-xmZb0mJHrycYklKhBjEAnc4tHXTFMj7hyu97M-JlhOzIy3lbZPirL_3fbD_0QGK9kjsqeTvMf8jCKd3o6CdZI0EjhivMG2jtnN__40YsKsOABGaC9i8o60sNt2g9Xhn1ZIM0CoJFFWx74jwSwPkt5FCR0ifkvRPXz-hImm0pGjuAQbaRYD4CNAORVeC1ozlpnP991zm0VrbE9Mb3UYLTjlJP9ai22_Mi5eJeO2BaV5qBoL_wGDdbBfCLXv-lIEVISSj2KyVK5HMMRaVPKVbsqhpQZhDuD5MQcAX3Zl2D3lZ3Ev7DL5B5OZTcUkBwk9YySkfiT7f6ZTKns0aVL1a1HvZnhO2BgAee3dCXSQ5tbIFuN5q-XHVjvf0lKdOCqRifApW0MLMParu5NQ7AtlSNZ83XCmc-K6KsqnYpnL9SMcrKtRrUC1dklVbCfJCW70dNoTfbMMkmE7TbKaOvjw7ZDXxUcA6dTfjdf1m4kLgeSRqNNKz89aH0huskIZS


Security filter chain: [
  DisableEncodeUrlFilter
  WebAsyncManagerIntegrationFilter
  SecurityContextHolderFilter
  HeaderWriterFilter
  CsrfFilter
  LogoutFilter
  BearerTokenAuthenticationFilter
  RequestCacheAwareFilter
  SecurityContextHolderAwareRequestFilter
  AnonymousAuthenticationFilter
  SessionManagementFilter
  ExceptionTranslationFilter
  AuthorizationFilter
]


************************************************************


2023-10-17T18:58:06.846+03:00  WARN 273770 --- [           main] c.s.c.s.client.DefaultHttpClientFactory  : Application has already created HttpClient for clientId = null, please check.
2023-10-17T18:58:06.860+03:00  WARN 273770 --- [           main] c.s.c.s.client.DefaultHttpClientFactory  : Application has already created HttpClient for clientId = null, please check.
2023-10-17T18:58:06.868+03:00  INFO 273770 --- [           main] c.s.c.s.t.v.v.JwtAudienceValidator       : The audiences that are derived from the token: [sb-clientId!t0815].
2023-10-17T18:58:06.871+03:00  INFO 273770 --- [           main] c.s.h.c.l.servlet.filter.RequestLogger   : 
]]></system-out>
  </testcase>
  <testcase name="readData_FORBIDDEN" classname="sample.spring.security.TestControllerTest" time="1.93">
    <system-out><![CDATA[2023-10-17T18:58:08.804+03:00  INFO 273770 --- [           main] Spring Security Debugger                 : 

************************************************************

Request received for GET '/method':

com.sap.hcp.cf.logging.servlet.filter.LoggingContextRequestWrapper@7ca0b05e

servletPath:
pathInfo:/method
headers: 
Authorization: Bearer eyJqa3UiOiJodHRwOi8vbG9jYWxob3N0OjM1NDczL3Rva2VuX2tleXMiLCJraWQiOiJkZWZhdWx0LWtpZCIsImFsZyI6IlJTMjU2In0.eyJhdWQiOlsic2ItY2xpZW50SWQhdDA4MTUiXSwiZXh0X2F0dHIiOnsiZW5oYW5jZXIiOiJYU1VBQSJ9LCJ6aWQiOiJ0aGUtem9uZS1pZCIsImdyYW50X3R5cGUiOiJ1cm46aWV0ZjpwYXJhbXM6b2F1dGg6Z3JhbnQtdHlwZTpqd3QtYmVhcmVyIiwiYXpwIjoic2ItY2xpZW50SWQhdDA4MTUiLCJpc3MiOiJodHRwOi8vbG9jYWxob3N0OjM1NDczIiwiZXhwIjo2OTc0MDI4MDAwLCJjaWQiOiJzYi1jbGllbnRJZCF0MDgxNSJ9.Nt5pUd_J8SXG0ujZFH6NOWuShiz0WWbwS23UO5hOzfzhzIbwxSiUll2xII8jAH_EllrhCS3TWzjSAseARmSjRkicOmMs2toFyHHR4LDJSmOpKSqQ2xn17v8W6kuYaUGQ2zMq3NDLsvyZnwhMofvNySmkCW8dxwe-ZuPqj9l0JzUrI2eglgMjqHDZWttYQvbUH2cCSzoI_7plET92BAsQM1jDiZOjV-ZHA-oP-JwoY5ehTwBydTFWXcuv0k33lAPn1Qr_R9L1i9higntARQPeMOO3AYm0iMN4nbYc9-hqgO4oBkgCeBJ-ZZf76l5m_qGIH2NnZzTF0Pzx-CoUfrHf62DGl7L-TVYsg9ow3DFv_ODqw864AJhcTqMARhjz7VyiCtpOnq5wV-aiNPCYG9YrHPLPEEOfXi3saSfnGE1vD7neC9BX5k33PwI-tFeobMfIPMaa72fCKNn0q0Fu_neXzW5iwxh0DTcznCVbUrnOnRS0z6TGiFKqbeHVUK6XFa3l


Security filter chain: [
  DisableEncodeUrlFilter
  WebAsyncManagerIntegrationFilter
  SecurityContextHolderFilter
  HeaderWriterFilter
  CsrfFilter
  LogoutFilter
  BearerTokenAuthenticationFilter
  RequestCacheAwareFilter
  SecurityContextHolderAwareRequestFilter
  AnonymousAuthenticationFilter
  SessionManagementFilter
  ExceptionTranslationFilter
  AuthorizationFilter
]


************************************************************


2023-10-17T18:58:08.807+03:00  INFO 273770 --- [           main] c.s.c.s.t.v.v.JwtAudienceValidator       : The audiences that are derived from the token: [sb-clientId!t0815].
2023-10-17T18:58:08.814+03:00  WARN 273770 --- [           main] c.sap.cloud.security.token.XsuaaToken    : origin claim not set in JWT. Cannot create unique user name. Returning null.
2023-10-17T18:58:08.815+03:00  INFO 273770 --- [           main] c.s.h.c.l.servlet.filter.RequestLogger   : 
]]></system-out>
  </testcase>
  <testcase name="readData_OK" classname="sample.spring.security.TestControllerTest" time="5.156">
    <system-out><![CDATA[2023-10-17T18:58:13.790+03:00  INFO 273770 --- [           main] Spring Security Debugger                 : 

************************************************************

Request received for GET '/method':

com.sap.hcp.cf.logging.servlet.filter.LoggingContextRequestWrapper@36ec4071

servletPath:
pathInfo:/method
headers: 
Authorization: Bearer eyJqa3UiOiJodHRwOi8vbG9jYWxob3N0OjM1NDczL3Rva2VuX2tleXMiLCJraWQiOiJkZWZhdWx0LWtpZCIsImFsZyI6IlJTMjU2In0.eyJhdWQiOlsic2ItY2xpZW50SWQhdDA4MTUiXSwiZXh0X2F0dHIiOnsiZW5oYW5jZXIiOiJYU1VBQSJ9LCJ6aWQiOiJ0aGUtem9uZS1pZCIsImdyYW50X3R5cGUiOiJ1cm46aWV0ZjpwYXJhbXM6b2F1dGg6Z3JhbnQtdHlwZTpqd3QtYmVhcmVyIiwiYXpwIjoic2ItY2xpZW50SWQhdDA4MTUiLCJzY29wZSI6WyJ4c2FwcCF0MDgxNS5SZWFkIl0sImlzcyI6Imh0dHA6Ly9sb2NhbGhvc3Q6MzU0NzMiLCJleHAiOjY5NzQwMjgwMDAsImNpZCI6InNiLWNsaWVudElkIXQwODE1In0.TH9Q-h0xtMT5kztMyVKwtTA5Pm3f5zCn_lCjOdgqTLTsaI8BEezwWjcKWTZHtFD4JkhDzjEBjyV_jKY8MFNJCiOwJgTbIuV2tpm2IkbXfd2lAJDzKZwUfs2uVdusefFizS9GBji2FXPAB-vh6PjLWrU6tyBGmw_0zLtTssBEGyxx9V1mKY9OUFOfgxH8Elgqi8lmoTwcU5rD3i0THNXFvnWZ-Ji_tBbn_LF3WxEJb_CT92ZhIWQswUuDm6A4j0TJWk6c-Wey8OgHDD2icCryBcIQDQsUmUDl7L2OwYaGVHikJVg6RpwxjMHvJkG8i6r5ADiHyjj1lI75NzQsdl71NkNLYW794JttJx30IEoLeY96wU_9szNjaTqCi_8OEVH5BGofHBSIxp3k2OnMUzSBaQWubpOb3rJa3cMLgowjwyCFn0zSTw4F0JGLtcwcLQ2U-9lIpkwp_uFnmRVcx5Gh7wzhl8DBr94-TXDOn6RF_zc84jCXvQ9Exp-wWXOTbxX4


Security filter chain: [
  DisableEncodeUrlFilter
  WebAsyncManagerIntegrationFilter
  SecurityContextHolderFilter
  HeaderWriterFilter
  CsrfFilter
  LogoutFilter
  BearerTokenAuthenticationFilter
  RequestCacheAwareFilter
  SecurityContextHolderAwareRequestFilter
  AnonymousAuthenticationFilter
  SessionManagementFilter
  ExceptionTranslationFilter
  AuthorizationFilter
]


************************************************************


2023-10-17T18:58:13.795+03:00  INFO 273770 --- [           main] c.s.c.s.t.v.v.JwtAudienceValidator       : The audiences that are derived from the token: [sb-clientId!t0815].
2023-10-17T18:58:13.806+03:00  WARN 273770 --- [           main] c.sap.cloud.security.token.XsuaaToken    : origin claim not set in JWT. Cannot create unique user name. Returning null.
2023-10-17T18:58:13.806+03:00  INFO 273770 --- [           main] c.s.h.c.l.servlet.filter.RequestLogger   : 
2023-10-17T18:58:13.833+03:00  INFO 273770 --- [           main] Spring Security Debugger                 : 

************************************************************

Request received for GET '/method':

com.sap.hcp.cf.logging.servlet.filter.LoggingContextRequestWrapper@5d8112e6

servletPath:
pathInfo:/method
headers: 
Authorization: Bearer eyJraWQiOiJkZWZhdWx0LWtpZC1pYXMiLCJhbGciOiJSUzI1NiJ9.eyJhdWQiOiJzYi1jbGllbnRJZCF0MDgxNSIsInNjaW1faWQiOiJ0aGUtdXNlci1pZCIsInVzZXJfdXVpZCI6InRoZS11c2VyLWlkIiwiYXBwX3RpZCI6InRoZS1hcHAtdGlkIiwiYXpwIjoic2ItY2xpZW50SWQhdDA4MTUiLCJpc3MiOiJodHRwOi8vbG9jYWxob3N0OjM3NTEzIiwiem9uZV91dWlkIjoidGhlLXpvbmUtaWQiLCJncm91cHMiOlsiSUFTQVVUSFpfUmVhZCJdLCJleHAiOjY5NzQwMjgwMDAsImNpZCI6InNiLWNsaWVudElkIXQwODE1In0.Lmjx-xmZb0mJHrycYklKhBjEAnc4tHXTFMj7hyu97M-JlhOzIy3lbZPirL_3fbD_0QGK9kjsqeTvMf8jCKd3o6CdZI0EjhivMG2jtnN__40YsKsOABGaC9i8o60sNt2g9Xhn1ZIM0CoJFFWx74jwSwPkt5FCR0ifkvRPXz-hImm0pGjuAQbaRYD4CNAORVeC1ozlpnP991zm0VrbE9Mb3UYLTjlJP9ai22_Mi5eJeO2BaV5qBoL_wGDdbBfCLXv-lIEVISSj2KyVK5HMMRaVPKVbsqhpQZhDuD5MQcAX3Zl2D3lZ3Ev7DL5B5OZTcUkBwk9YySkfiT7f6ZTKns0aVL1a1HvZnhO2BgAee3dCXSQ5tbIFuN5q-XHVjvf0lKdOCqRifApW0MLMParu5NQ7AtlSNZ83XCmc-K6KsqnYpnL9SMcrKtRrUC1dklVbCfJCW70dNoTfbMMkmE7TbKaOvjw7ZDXxUcA6dTfjdf1m4kLgeSRqNNKz89aH0huskIZS


Security filter chain: [
  DisableEncodeUrlFilter
  WebAsyncManagerIntegrationFilter
  SecurityContextHolderFilter
  HeaderWriterFilter
  CsrfFilter
  LogoutFilter
  BearerTokenAuthenticationFilter
  RequestCacheAwareFilter
  SecurityContextHolderAwareRequestFilter
  AnonymousAuthenticationFilter
  SessionManagementFilter
  ExceptionTranslationFilter
  AuthorizationFilter
]


************************************************************


2023-10-17T18:58:13.846+03:00  INFO 273770 --- [           main] c.s.c.s.t.v.v.JwtAudienceValidator       : The audiences that are derived from the token: [sb-clientId!t0815].
2023-10-17T18:58:13.917+03:00  INFO 273770 --- [           main] c.s.h.c.l.servlet.filter.RequestLogger   : 
]]></system-out>
  </testcase>
</testsuite>