<?xml version="1.0" encoding="UTF-8"?>
<testsuite xmlns:xsi="http://www.w3.org/2001/XMLSchema-instance" xsi:noNamespaceSchemaLocation="https://maven.apache.org/surefire/maven-surefire-plugin/xsd/surefire-test-report-3.0.xsd" version="3.0" name="sample.spring.security.junitjupiter.TestControllerXsuaaTest" time="6.301" tests="4" errors="0" skipped="0" failures="0">
  <properties>
    <property name="java.specification.version" value="20"/>
    <property name="sun.jnu.encoding" value="UTF-8"/>
    <property name="spring-boot.build-image.imageName" value="hagarrnabil/xsuaaa"/>
    <property name="java.class.path" value="/home/hagar/cloud-security-services-integration-library/samples/spring-security-hybrid-usage/target/test-classes:/home/hagar/cloud-security-services-integration-library/samples/spring-security-hybrid-usage/target/classes:/home/hagar/.m2/repository/org/springframework/boot/spring-boot-starter-web/3.0.4/spring-boot-starter-web-3.0.4.jar:/home/hagar/.m2/repository/org/springframework/boot/spring-boot-starter/3.0.4/spring-boot-starter-3.0.4.jar:/home/hagar/.m2/repository/org/springframework/boot/spring-boot/3.0.4/spring-boot-3.0.4.jar:/home/hagar/.m2/repository/org/springframework/boot/spring-boot-starter-logging/3.0.4/spring-boot-starter-logging-3.0.4.jar:/home/hagar/.m2/repository/ch/qos/logback/logback-classic/1.4.5/logback-classic-1.4.5.jar:/home/hagar/.m2/repository/ch/qos/logback/logback-core/1.4.5/logback-core-1.4.5.jar:/home/hagar/.m2/repository/org/slf4j/jul-to-slf4j/2.0.6/jul-to-slf4j-2.0.6.jar:/home/hagar/.m2/repository/jakarta/annotation/jakarta.annotation-api/2.1.1/jakarta.annotation-api-2.1.1.jar:/home/hagar/.m2/repository/org/yaml/snakeyaml/1.33/snakeyaml-1.33.jar:/home/hagar/.m2/repository/org/springframework/boot/spring-boot-starter-json/3.0.4/spring-boot-starter-json-3.0.4.jar:/home/hagar/.m2/repository/com/fasterxml/jackson/datatype/jackson-datatype-jdk8/2.14.2/jackson-datatype-jdk8-2.14.2.jar:/home/hagar/.m2/repository/com/fasterxml/jackson/datatype/jackson-datatype-jsr310/2.14.2/jackson-datatype-jsr310-2.14.2.jar:/home/hagar/.m2/repository/com/fasterxml/jackson/module/jackson-module-parameter-names/2.14.2/jackson-module-parameter-names-2.14.2.jar:/home/hagar/.m2/repository/org/springframework/boot/spring-boot-starter-tomcat/3.0.4/spring-boot-starter-tomcat-3.0.4.jar:/home/hagar/.m2/repository/org/apache/tomcat/embed/tomcat-embed-core/10.1.5/tomcat-embed-core-10.1.5.jar:/home/hagar/.m2/repository/org/apache/tomcat/embed/tomcat-embed-el/10.1.5/tomcat-embed-el-10.1.5.jar:/home/hagar/.m2/repository/org/apache/tomcat/embed/tomcat-embed-websocket/10.1.5/tomcat-embed-websocket-10.1.5.jar:/home/hagar/.m2/repository/org/springframework/spring-web/6.0.6/spring-web-6.0.6.jar:/home/hagar/.m2/repository/org/springframework/spring-beans/6.0.6/spring-beans-6.0.6.jar:/home/hagar/.m2/repository/io/micrometer/micrometer-observation/1.10.4/micrometer-observation-1.10.4.jar:/home/hagar/.m2/repository/io/micrometer/micrometer-commons/1.10.4/micrometer-commons-1.10.4.jar:/home/hagar/.m2/repository/org/springframework/spring-webmvc/6.0.6/spring-webmvc-6.0.6.jar:/home/hagar/.m2/repository/org/springframework/spring-context/6.0.6/spring-context-6.0.6.jar:/home/hagar/.m2/repository/org/springframework/spring-expression/6.0.6/spring-expression-6.0.6.jar:/home/hagar/.m2/repository/org/springframework/boot/spring-boot-starter-security/3.0.4/spring-boot-starter-security-3.0.4.jar:/home/hagar/.m2/repository/org/springframework/spring-aop/6.0.6/spring-aop-6.0.6.jar:/home/hagar/.m2/repository/org/springframework/security/spring-security-config/6.0.2/spring-security-config-6.0.2.jar:/home/hagar/.m2/repository/org/springframework/security/spring-security-core/6.0.2/spring-security-core-6.0.2.jar:/home/hagar/.m2/repository/org/springframework/security/spring-security-crypto/6.0.2/spring-security-crypto-6.0.2.jar:/home/hagar/.m2/repository/org/springframework/security/spring-security-web/6.0.2/spring-security-web-6.0.2.jar:/home/hagar/.m2/repository/com/sap/cloud/security/resourceserver-security-spring-boot-starter/3.1.3/resourceserver-security-spring-boot-starter-3.1.3.jar:/home/hagar/.m2/repository/com/sap/cloud/security/spring-security/3.1.3/spring-security-3.1.3.jar:/home/hagar/.m2/repository/org/springframework/security/spring-security-oauth2-jose/6.0.2/spring-security-oauth2-jose-6.0.2.jar:/home/hagar/.m2/repository/org/springframework/security/spring-security-oauth2-core/6.0.2/spring-security-oauth2-core-6.0.2.jar:/home/hagar/.m2/repository/com/nimbusds/nimbus-jose-jwt/9.24.4/nimbus-jose-jwt-9.24.4.jar:/home/hagar/.m2/repository/com/github/stephenc/jcip/jcip-annotations/1.0-1/jcip-annotations-1.0-1.jar:/home/hagar/.m2/repository/org/springframework/security/spring-security-oauth2-resource-server/6.0.2/spring-security-oauth2-resource-server-6.0.2.jar:/home/hagar/.m2/repository/org/springframework/boot/spring-boot-autoconfigure/3.0.4/spring-boot-autoconfigure-3.0.4.jar:/home/hagar/.m2/repository/com/sap/cloud/security/java-api/3.1.3/java-api-3.1.3.jar:/home/hagar/.m2/repository/com/sap/cloud/security/xsuaa/spring-security-compatibility/3.1.3/spring-security-compatibility-3.1.3.jar:/home/hagar/.m2/repository/com/sap/cloud/security/xsuaa/spring-xsuaa/3.1.3/spring-xsuaa-3.1.3.jar:/home/hagar/.m2/repository/org/apache/logging/log4j/log4j-to-slf4j/2.19.0/log4j-to-slf4j-2.19.0.jar:/home/hagar/.m2/repository/org/apache/logging/log4j/log4j-api/2.19.0/log4j-api-2.19.0.jar:/home/hagar/.m2/repository/com/sap/cloud/security/env/3.1.3/env-3.1.3.jar:/home/hagar/.m2/repository/com/sap/cloud/environment/servicebinding/java-sap-vcap-services/0.9.0/java-sap-vcap-services-0.9.0.jar:/home/hagar/.m2/repository/com/sap/cloud/environment/servicebinding/api/java-core-api/0.9.0/java-core-api-0.9.0.jar:/home/hagar/.m2/repository/com/sap/cloud/environment/servicebinding/java-sap-service-operator/0.9.0/java-sap-service-operator-0.9.0.jar:/home/hagar/.m2/repository/com/sap/cloud/environment/servicebinding/api/java-consumption-api/0.9.0/java-consumption-api-0.9.0.jar:/home/hagar/.m2/repository/com/sap/cloud/environment/servicebinding/api/java-access-api/0.9.0/java-access-api-0.9.0.jar:/home/hagar/.m2/repository/org/json/json/20230618/json-20230618.jar:/home/hagar/.m2/repository/com/sap/cloud/security/xsuaa/token-client/3.1.3/token-client-3.1.3.jar:/home/hagar/.m2/repository/com/github/ben-manes/caffeine/caffeine/3.1.4/caffeine-3.1.4.jar:/home/hagar/.m2/repository/org/checkerframework/checker-qual/3.31.0/checker-qual-3.31.0.jar:/home/hagar/.m2/repository/com/google/errorprone/error_prone_annotations/2.18.0/error_prone_annotations-2.18.0.jar:/home/hagar/.m2/repository/commons-io/commons-io/2.13.0/commons-io-2.13.0.jar:/home/hagar/.m2/repository/org/apache/httpcomponents/httpclient/4.5.14/httpclient-4.5.14.jar:/home/hagar/.m2/repository/org/apache/httpcomponents/httpcore/4.4.16/httpcore-4.4.16.jar:/home/hagar/.m2/repository/commons-codec/commons-codec/1.15/commons-codec-1.15.jar:/home/hagar/.m2/repository/com/sap/hcp/cf/logging/cf-java-logging-support-servlet-jakarta/3.7.0/cf-java-logging-support-servlet-jakarta-3.7.0.jar:/home/hagar/.m2/repository/com/sap/hcp/cf/logging/cf-java-logging-support-core/3.7.0/cf-java-logging-support-core-3.7.0.jar:/home/hagar/.m2/repository/com/fasterxml/jackson/jr/jackson-jr-objects/2.14.2/jackson-jr-objects-2.14.2.jar:/home/hagar/.m2/repository/org/apache/commons/commons-lang3/3.12.0/commons-lang3-3.12.0.jar:/home/hagar/.m2/repository/com/auth0/java-jwt/3.19.4/java-jwt-3.19.4.jar:/home/hagar/.m2/repository/com/fasterxml/jackson/core/jackson-databind/2.14.2/jackson-databind-2.14.2.jar:/home/hagar/.m2/repository/com/fasterxml/jackson/core/jackson-annotations/2.14.2/jackson-annotations-2.14.2.jar:/home/hagar/.m2/repository/com/fasterxml/jackson/core/jackson-core/2.14.2/jackson-core-2.14.2.jar:/home/hagar/.m2/repository/org/springframework/boot/spring-boot-starter-test/3.0.4/spring-boot-starter-test-3.0.4.jar:/home/hagar/.m2/repository/org/springframework/boot/spring-boot-test/3.0.4/spring-boot-test-3.0.4.jar:/home/hagar/.m2/repository/org/springframework/boot/spring-boot-test-autoconfigure/3.0.4/spring-boot-test-autoconfigure-3.0.4.jar:/home/hagar/.m2/repository/com/jayway/jsonpath/json-path/2.7.0/json-path-2.7.0.jar:/home/hagar/.m2/repository/net/minidev/json-smart/2.4.8/json-smart-2.4.8.jar:/home/hagar/.m2/repository/net/minidev/accessors-smart/2.4.8/accessors-smart-2.4.8.jar:/home/hagar/.m2/repository/org/slf4j/slf4j-api/2.0.6/slf4j-api-2.0.6.jar:/home/hagar/.m2/repository/jakarta/xml/bind/jakarta.xml.bind-api/4.0.0/jakarta.xml.bind-api-4.0.0.jar:/home/hagar/.m2/repository/jakarta/activation/jakarta.activation-api/2.1.1/jakarta.activation-api-2.1.1.jar:/home/hagar/.m2/repository/org/assertj/assertj-core/3.23.1/assertj-core-3.23.1.jar:/home/hagar/.m2/repository/net/bytebuddy/byte-buddy/1.12.23/byte-buddy-1.12.23.jar:/home/hagar/.m2/repository/org/hamcrest/hamcrest/2.2/hamcrest-2.2.jar:/home/hagar/.m2/repository/org/junit/jupiter/junit-jupiter/5.9.2/junit-jupiter-5.9.2.jar:/home/hagar/.m2/repository/org/junit/jupiter/junit-jupiter-params/5.9.2/junit-jupiter-params-5.9.2.jar:/home/hagar/.m2/repository/org/junit/jupiter/junit-jupiter-engine/5.9.2/junit-jupiter-engine-5.9.2.jar:/home/hagar/.m2/repository/org/mockito/mockito-core/4.8.1/mockito-core-4.8.1.jar:/home/hagar/.m2/repository/net/bytebuddy/byte-buddy-agent/1.12.23/byte-buddy-agent-1.12.23.jar:/home/hagar/.m2/repository/org/objenesis/objenesis/3.2/objenesis-3.2.jar:/home/hagar/.m2/repository/org/mockito/mockito-junit-jupiter/4.8.1/mockito-junit-jupiter-4.8.1.jar:/home/hagar/.m2/repository/org/skyscreamer/jsonassert/1.5.1/jsonassert-1.5.1.jar:/home/hagar/.m2/repository/org/springframework/spring-core/6.0.6/spring-core-6.0.6.jar:/home/hagar/.m2/repository/org/springframework/spring-jcl/6.0.6/spring-jcl-6.0.6.jar:/home/hagar/.m2/repository/org/springframework/spring-test/6.0.6/spring-test-6.0.6.jar:/home/hagar/.m2/repository/org/xmlunit/xmlunit-core/2.9.1/xmlunit-core-2.9.1.jar:/home/hagar/.m2/repository/com/sap/cloud/security/java-security-test/3.1.3/java-security-test-3.1.3.jar:/home/hagar/.m2/repository/com/sap/cloud/security/java-security/3.1.3/java-security-3.1.3.jar:/home/hagar/.m2/repository/junit/junit/4.13.2/junit-4.13.2.jar:/home/hagar/.m2/repository/org/hamcrest/hamcrest-core/2.2/hamcrest-core-2.2.jar:/home/hagar/.m2/repository/org/junit/jupiter/junit-jupiter-api/5.9.2/junit-jupiter-api-5.9.2.jar:/home/hagar/.m2/repository/org/opentest4j/opentest4j/1.2.0/opentest4j-1.2.0.jar:/home/hagar/.m2/repository/org/junit/platform/junit-platform-commons/1.9.2/junit-platform-commons-1.9.2.jar:/home/hagar/.m2/repository/org/eclipse/jetty/jetty-server/11.0.14/jetty-server-11.0.14.jar:/home/hagar/.m2/repository/org/eclipse/jetty/toolchain/jetty-jakarta-servlet-api/5.0.2/jetty-jakarta-servlet-api-5.0.2.jar:/home/hagar/.m2/repository/org/eclipse/jetty/jetty-http/11.0.14/jetty-http-11.0.14.jar:/home/hagar/.m2/repository/org/eclipse/jetty/jetty-servlet/11.0.14/jetty-servlet-11.0.14.jar:/home/hagar/.m2/repository/org/eclipse/jetty/jetty-security/11.0.14/jetty-security-11.0.14.jar:/home/hagar/.m2/repository/org/eclipse/jetty/jetty-webapp/11.0.14/jetty-webapp-11.0.14.jar:/home/hagar/.m2/repository/org/eclipse/jetty/jetty-xml/11.0.14/jetty-xml-11.0.14.jar:/home/hagar/.m2/repository/org/eclipse/jetty/jetty-annotations/11.0.14/jetty-annotations-11.0.14.jar:/home/hagar/.m2/repository/org/eclipse/jetty/jetty-plus/11.0.14/jetty-plus-11.0.14.jar:/home/hagar/.m2/repository/jakarta/transaction/jakarta.transaction-api/2.0.1/jakarta.transaction-api-2.0.1.jar:/home/hagar/.m2/repository/org/eclipse/jetty/jetty-jndi/11.0.14/jetty-jndi-11.0.14.jar:/home/hagar/.m2/repository/org/ow2/asm/asm/9.4/asm-9.4.jar:/home/hagar/.m2/repository/org/ow2/asm/asm-commons/9.4/asm-commons-9.4.jar:/home/hagar/.m2/repository/org/ow2/asm/asm-tree/9.4/asm-tree-9.4.jar:/home/hagar/.m2/repository/org/eclipse/jetty/jetty-io/11.0.14/jetty-io-11.0.14.jar:/home/hagar/.m2/repository/org/eclipse/jetty/jetty-util/11.0.14/jetty-util-11.0.14.jar:/home/hagar/.m2/repository/com/github/tomakehurst/wiremock/3.0.0-beta-10/wiremock-3.0.0-beta-10.jar:/home/hagar/.m2/repository/org/eclipse/jetty/jetty-servlets/11.0.14/jetty-servlets-11.0.14.jar:/home/hagar/.m2/repository/org/eclipse/jetty/jetty-proxy/11.0.14/jetty-proxy-11.0.14.jar:/home/hagar/.m2/repository/org/eclipse/jetty/jetty-client/11.0.14/jetty-client-11.0.14.jar:/home/hagar/.m2/repository/org/eclipse/jetty/http2/http2-server/11.0.14/http2-server-11.0.14.jar:/home/hagar/.m2/repository/org/eclipse/jetty/http2/http2-common/11.0.14/http2-common-11.0.14.jar:/home/hagar/.m2/repository/org/eclipse/jetty/http2/http2-hpack/11.0.14/http2-hpack-11.0.14.jar:/home/hagar/.m2/repository/org/eclipse/jetty/jetty-alpn-server/11.0.14/jetty-alpn-server-11.0.14.jar:/home/hagar/.m2/repository/org/eclipse/jetty/jetty-alpn-java-server/11.0.14/jetty-alpn-java-server-11.0.14.jar:/home/hagar/.m2/repository/org/eclipse/jetty/jetty-alpn-java-client/11.0.14/jetty-alpn-java-client-11.0.14.jar:/home/hagar/.m2/repository/org/eclipse/jetty/jetty-alpn-client/11.0.14/jetty-alpn-client-11.0.14.jar:/home/hagar/.m2/repository/com/google/guava/guava/32.0.1-jre/guava-32.0.1-jre.jar:/home/hagar/.m2/repository/com/google/guava/failureaccess/1.0.1/failureaccess-1.0.1.jar:/home/hagar/.m2/repository/com/google/guava/listenablefuture/9999.0-empty-to-avoid-conflict-with-guava/listenablefuture-9999.0-empty-to-avoid-conflict-with-guava.jar:/home/hagar/.m2/repository/com/google/code/findbugs/jsr305/3.0.2/jsr305-3.0.2.jar:/home/hagar/.m2/repository/com/google/j2objc/j2objc-annotations/2.8/j2objc-annotations-2.8.jar:/home/hagar/.m2/repository/org/apache/httpcomponents/client5/httpclient5/5.1.4/httpclient5-5.1.4.jar:/home/hagar/.m2/repository/org/apache/httpcomponents/core5/httpcore5/5.1.5/httpcore5-5.1.5.jar:/home/hagar/.m2/repository/org/apache/httpcomponents/core5/httpcore5-h2/5.1.5/httpcore5-h2-5.1.5.jar:/home/hagar/.m2/repository/org/xmlunit/xmlunit-legacy/2.9.1/xmlunit-legacy-2.9.1.jar:/home/hagar/.m2/repository/org/xmlunit/xmlunit-placeholders/2.9.1/xmlunit-placeholders-2.9.1.jar:/home/hagar/.m2/repository/net/javacrumbs/json-unit/json-unit-core/2.38.0/json-unit-core-2.38.0.jar:/home/hagar/.m2/repository/net/sf/jopt-simple/jopt-simple/5.0.4/jopt-simple-5.0.4.jar:/home/hagar/.m2/repository/com/github/jknack/handlebars/4.3.1/handlebars-4.3.1.jar:/home/hagar/.m2/repository/com/github/jknack/handlebars-helpers/4.3.1/handlebars-helpers-4.3.1.jar:/home/hagar/.m2/repository/commons-fileupload/commons-fileupload/1.5/commons-fileupload-1.5.jar:/home/hagar/.m2/repository/com/networknt/json-schema-validator/1.0.83/json-schema-validator-1.0.83.jar:/home/hagar/.m2/repository/com/ethlo/time/itu/1.7.0/itu-1.7.0.jar:/home/hagar/.m2/repository/com/fasterxml/jackson/dataformat/jackson-dataformat-yaml/2.14.2/jackson-dataformat-yaml-2.14.2.jar:/home/hagar/.m2/repository/org/junit/vintage/junit-vintage-engine/5.10.0/junit-vintage-engine-5.10.0.jar:/home/hagar/.m2/repository/org/junit/platform/junit-platform-engine/1.9.2/junit-platform-engine-1.9.2.jar:/home/hagar/.m2/repository/org/apiguardian/apiguardian-api/1.1.2/apiguardian-api-1.1.2.jar:"/>
    <property name="java.vm.vendor" value="Oracle Corporation"/>
    <property name="sun.arch.data.model" value="64"/>
    <property name="java.vendor.url" value="https://java.oracle.com/"/>
    <property name="user.timezone" value="Africa/Cairo"/>
    <property name="os.name" value="Linux"/>
    <property name="java.vm.specification.version" value="20"/>
    <property name="sun.java.launcher" value="SUN_STANDARD"/>
    <property name="user.country" value="US"/>
    <property name="sun.boot.library.path" value="/usr/lib/jvm/jdk-20/lib"/>
    <property name="sun.java.command" value="/home/hagar/cloud-security-services-integration-library/samples/spring-security-hybrid-usage/target/surefire/surefirebooter-20231019132714568_3.jar /home/hagar/cloud-security-services-integration-library/samples/spring-security-hybrid-usage/target/surefire 2023-10-19T13-27-12_336-jvmRun1 surefire-20231019132714568_1tmp surefire_0-20231019132714568_2tmp"/>
    <property name="jdk.debug" value="release"/>
    <property name="surefire.test.class.path" value="/home/hagar/cloud-security-services-integration-library/samples/spring-security-hybrid-usage/target/test-classes:/home/hagar/cloud-security-services-integration-library/samples/spring-security-hybrid-usage/target/classes:/home/hagar/.m2/repository/org/springframework/boot/spring-boot-starter-web/3.0.4/spring-boot-starter-web-3.0.4.jar:/home/hagar/.m2/repository/org/springframework/boot/spring-boot-starter/3.0.4/spring-boot-starter-3.0.4.jar:/home/hagar/.m2/repository/org/springframework/boot/spring-boot/3.0.4/spring-boot-3.0.4.jar:/home/hagar/.m2/repository/org/springframework/boot/spring-boot-starter-logging/3.0.4/spring-boot-starter-logging-3.0.4.jar:/home/hagar/.m2/repository/ch/qos/logback/logback-classic/1.4.5/logback-classic-1.4.5.jar:/home/hagar/.m2/repository/ch/qos/logback/logback-core/1.4.5/logback-core-1.4.5.jar:/home/hagar/.m2/repository/org/slf4j/jul-to-slf4j/2.0.6/jul-to-slf4j-2.0.6.jar:/home/hagar/.m2/repository/jakarta/annotation/jakarta.annotation-api/2.1.1/jakarta.annotation-api-2.1.1.jar:/home/hagar/.m2/repository/org/yaml/snakeyaml/1.33/snakeyaml-1.33.jar:/home/hagar/.m2/repository/org/springframework/boot/spring-boot-starter-json/3.0.4/spring-boot-starter-json-3.0.4.jar:/home/hagar/.m2/repository/com/fasterxml/jackson/datatype/jackson-datatype-jdk8/2.14.2/jackson-datatype-jdk8-2.14.2.jar:/home/hagar/.m2/repository/com/fasterxml/jackson/datatype/jackson-datatype-jsr310/2.14.2/jackson-datatype-jsr310-2.14.2.jar:/home/hagar/.m2/repository/com/fasterxml/jackson/module/jackson-module-parameter-names/2.14.2/jackson-module-parameter-names-2.14.2.jar:/home/hagar/.m2/repository/org/springframework/boot/spring-boot-starter-tomcat/3.0.4/spring-boot-starter-tomcat-3.0.4.jar:/home/hagar/.m2/repository/org/apache/tomcat/embed/tomcat-embed-core/10.1.5/tomcat-embed-core-10.1.5.jar:/home/hagar/.m2/repository/org/apache/tomcat/embed/tomcat-embed-el/10.1.5/tomcat-embed-el-10.1.5.jar:/home/hagar/.m2/repository/org/apache/tomcat/embed/tomcat-embed-websocket/10.1.5/tomcat-embed-websocket-10.1.5.jar:/home/hagar/.m2/repository/org/springframework/spring-web/6.0.6/spring-web-6.0.6.jar:/home/hagar/.m2/repository/org/springframework/spring-beans/6.0.6/spring-beans-6.0.6.jar:/home/hagar/.m2/repository/io/micrometer/micrometer-observation/1.10.4/micrometer-observation-1.10.4.jar:/home/hagar/.m2/repository/io/micrometer/micrometer-commons/1.10.4/micrometer-commons-1.10.4.jar:/home/hagar/.m2/repository/org/springframework/spring-webmvc/6.0.6/spring-webmvc-6.0.6.jar:/home/hagar/.m2/repository/org/springframework/spring-context/6.0.6/spring-context-6.0.6.jar:/home/hagar/.m2/repository/org/springframework/spring-expression/6.0.6/spring-expression-6.0.6.jar:/home/hagar/.m2/repository/org/springframework/boot/spring-boot-starter-security/3.0.4/spring-boot-starter-security-3.0.4.jar:/home/hagar/.m2/repository/org/springframework/spring-aop/6.0.6/spring-aop-6.0.6.jar:/home/hagar/.m2/repository/org/springframework/security/spring-security-config/6.0.2/spring-security-config-6.0.2.jar:/home/hagar/.m2/repository/org/springframework/security/spring-security-core/6.0.2/spring-security-core-6.0.2.jar:/home/hagar/.m2/repository/org/springframework/security/spring-security-crypto/6.0.2/spring-security-crypto-6.0.2.jar:/home/hagar/.m2/repository/org/springframework/security/spring-security-web/6.0.2/spring-security-web-6.0.2.jar:/home/hagar/.m2/repository/com/sap/cloud/security/resourceserver-security-spring-boot-starter/3.1.3/resourceserver-security-spring-boot-starter-3.1.3.jar:/home/hagar/.m2/repository/com/sap/cloud/security/spring-security/3.1.3/spring-security-3.1.3.jar:/home/hagar/.m2/repository/org/springframework/security/spring-security-oauth2-jose/6.0.2/spring-security-oauth2-jose-6.0.2.jar:/home/hagar/.m2/repository/org/springframework/security/spring-security-oauth2-core/6.0.2/spring-security-oauth2-core-6.0.2.jar:/home/hagar/.m2/repository/com/nimbusds/nimbus-jose-jwt/9.24.4/nimbus-jose-jwt-9.24.4.jar:/home/hagar/.m2/repository/com/github/stephenc/jcip/jcip-annotations/1.0-1/jcip-annotations-1.0-1.jar:/home/hagar/.m2/repository/org/springframework/security/spring-security-oauth2-resource-server/6.0.2/spring-security-oauth2-resource-server-6.0.2.jar:/home/hagar/.m2/repository/org/springframework/boot/spring-boot-autoconfigure/3.0.4/spring-boot-autoconfigure-3.0.4.jar:/home/hagar/.m2/repository/com/sap/cloud/security/java-api/3.1.3/java-api-3.1.3.jar:/home/hagar/.m2/repository/com/sap/cloud/security/xsuaa/spring-security-compatibility/3.1.3/spring-security-compatibility-3.1.3.jar:/home/hagar/.m2/repository/com/sap/cloud/security/xsuaa/spring-xsuaa/3.1.3/spring-xsuaa-3.1.3.jar:/home/hagar/.m2/repository/org/apache/logging/log4j/log4j-to-slf4j/2.19.0/log4j-to-slf4j-2.19.0.jar:/home/hagar/.m2/repository/org/apache/logging/log4j/log4j-api/2.19.0/log4j-api-2.19.0.jar:/home/hagar/.m2/repository/com/sap/cloud/security/env/3.1.3/env-3.1.3.jar:/home/hagar/.m2/repository/com/sap/cloud/environment/servicebinding/java-sap-vcap-services/0.9.0/java-sap-vcap-services-0.9.0.jar:/home/hagar/.m2/repository/com/sap/cloud/environment/servicebinding/api/java-core-api/0.9.0/java-core-api-0.9.0.jar:/home/hagar/.m2/repository/com/sap/cloud/environment/servicebinding/java-sap-service-operator/0.9.0/java-sap-service-operator-0.9.0.jar:/home/hagar/.m2/repository/com/sap/cloud/environment/servicebinding/api/java-consumption-api/0.9.0/java-consumption-api-0.9.0.jar:/home/hagar/.m2/repository/com/sap/cloud/environment/servicebinding/api/java-access-api/0.9.0/java-access-api-0.9.0.jar:/home/hagar/.m2/repository/org/json/json/20230618/json-20230618.jar:/home/hagar/.m2/repository/com/sap/cloud/security/xsuaa/token-client/3.1.3/token-client-3.1.3.jar:/home/hagar/.m2/repository/com/github/ben-manes/caffeine/caffeine/3.1.4/caffeine-3.1.4.jar:/home/hagar/.m2/repository/org/checkerframework/checker-qual/3.31.0/checker-qual-3.31.0.jar:/home/hagar/.m2/repository/com/google/errorprone/error_prone_annotations/2.18.0/error_prone_annotations-2.18.0.jar:/home/hagar/.m2/repository/commons-io/commons-io/2.13.0/commons-io-2.13.0.jar:/home/hagar/.m2/repository/org/apache/httpcomponents/httpclient/4.5.14/httpclient-4.5.14.jar:/home/hagar/.m2/repository/org/apache/httpcomponents/httpcore/4.4.16/httpcore-4.4.16.jar:/home/hagar/.m2/repository/commons-codec/commons-codec/1.15/commons-codec-1.15.jar:/home/hagar/.m2/repository/com/sap/hcp/cf/logging/cf-java-logging-support-servlet-jakarta/3.7.0/cf-java-logging-support-servlet-jakarta-3.7.0.jar:/home/hagar/.m2/repository/com/sap/hcp/cf/logging/cf-java-logging-support-core/3.7.0/cf-java-logging-support-core-3.7.0.jar:/home/hagar/.m2/repository/com/fasterxml/jackson/jr/jackson-jr-objects/2.14.2/jackson-jr-objects-2.14.2.jar:/home/hagar/.m2/repository/org/apache/commons/commons-lang3/3.12.0/commons-lang3-3.12.0.jar:/home/hagar/.m2/repository/com/auth0/java-jwt/3.19.4/java-jwt-3.19.4.jar:/home/hagar/.m2/repository/com/fasterxml/jackson/core/jackson-databind/2.14.2/jackson-databind-2.14.2.jar:/home/hagar/.m2/repository/com/fasterxml/jackson/core/jackson-annotations/2.14.2/jackson-annotations-2.14.2.jar:/home/hagar/.m2/repository/com/fasterxml/jackson/core/jackson-core/2.14.2/jackson-core-2.14.2.jar:/home/hagar/.m2/repository/org/springframework/boot/spring-boot-starter-test/3.0.4/spring-boot-starter-test-3.0.4.jar:/home/hagar/.m2/repository/org/springframework/boot/spring-boot-test/3.0.4/spring-boot-test-3.0.4.jar:/home/hagar/.m2/repository/org/springframework/boot/spring-boot-test-autoconfigure/3.0.4/spring-boot-test-autoconfigure-3.0.4.jar:/home/hagar/.m2/repository/com/jayway/jsonpath/json-path/2.7.0/json-path-2.7.0.jar:/home/hagar/.m2/repository/net/minidev/json-smart/2.4.8/json-smart-2.4.8.jar:/home/hagar/.m2/repository/net/minidev/accessors-smart/2.4.8/accessors-smart-2.4.8.jar:/home/hagar/.m2/repository/org/slf4j/slf4j-api/2.0.6/slf4j-api-2.0.6.jar:/home/hagar/.m2/repository/jakarta/xml/bind/jakarta.xml.bind-api/4.0.0/jakarta.xml.bind-api-4.0.0.jar:/home/hagar/.m2/repository/jakarta/activation/jakarta.activation-api/2.1.1/jakarta.activation-api-2.1.1.jar:/home/hagar/.m2/repository/org/assertj/assertj-core/3.23.1/assertj-core-3.23.1.jar:/home/hagar/.m2/repository/net/bytebuddy/byte-buddy/1.12.23/byte-buddy-1.12.23.jar:/home/hagar/.m2/repository/org/hamcrest/hamcrest/2.2/hamcrest-2.2.jar:/home/hagar/.m2/repository/org/junit/jupiter/junit-jupiter/5.9.2/junit-jupiter-5.9.2.jar:/home/hagar/.m2/repository/org/junit/jupiter/junit-jupiter-params/5.9.2/junit-jupiter-params-5.9.2.jar:/home/hagar/.m2/repository/org/junit/jupiter/junit-jupiter-engine/5.9.2/junit-jupiter-engine-5.9.2.jar:/home/hagar/.m2/repository/org/mockito/mockito-core/4.8.1/mockito-core-4.8.1.jar:/home/hagar/.m2/repository/net/bytebuddy/byte-buddy-agent/1.12.23/byte-buddy-agent-1.12.23.jar:/home/hagar/.m2/repository/org/objenesis/objenesis/3.2/objenesis-3.2.jar:/home/hagar/.m2/repository/org/mockito/mockito-junit-jupiter/4.8.1/mockito-junit-jupiter-4.8.1.jar:/home/hagar/.m2/repository/org/skyscreamer/jsonassert/1.5.1/jsonassert-1.5.1.jar:/home/hagar/.m2/repository/org/springframework/spring-core/6.0.6/spring-core-6.0.6.jar:/home/hagar/.m2/repository/org/springframework/spring-jcl/6.0.6/spring-jcl-6.0.6.jar:/home/hagar/.m2/repository/org/springframework/spring-test/6.0.6/spring-test-6.0.6.jar:/home/hagar/.m2/repository/org/xmlunit/xmlunit-core/2.9.1/xmlunit-core-2.9.1.jar:/home/hagar/.m2/repository/com/sap/cloud/security/java-security-test/3.1.3/java-security-test-3.1.3.jar:/home/hagar/.m2/repository/com/sap/cloud/security/java-security/3.1.3/java-security-3.1.3.jar:/home/hagar/.m2/repository/junit/junit/4.13.2/junit-4.13.2.jar:/home/hagar/.m2/repository/org/hamcrest/hamcrest-core/2.2/hamcrest-core-2.2.jar:/home/hagar/.m2/repository/org/junit/jupiter/junit-jupiter-api/5.9.2/junit-jupiter-api-5.9.2.jar:/home/hagar/.m2/repository/org/opentest4j/opentest4j/1.2.0/opentest4j-1.2.0.jar:/home/hagar/.m2/repository/org/junit/platform/junit-platform-commons/1.9.2/junit-platform-commons-1.9.2.jar:/home/hagar/.m2/repository/org/eclipse/jetty/jetty-server/11.0.14/jetty-server-11.0.14.jar:/home/hagar/.m2/repository/org/eclipse/jetty/toolchain/jetty-jakarta-servlet-api/5.0.2/jetty-jakarta-servlet-api-5.0.2.jar:/home/hagar/.m2/repository/org/eclipse/jetty/jetty-http/11.0.14/jetty-http-11.0.14.jar:/home/hagar/.m2/repository/org/eclipse/jetty/jetty-servlet/11.0.14/jetty-servlet-11.0.14.jar:/home/hagar/.m2/repository/org/eclipse/jetty/jetty-security/11.0.14/jetty-security-11.0.14.jar:/home/hagar/.m2/repository/org/eclipse/jetty/jetty-webapp/11.0.14/jetty-webapp-11.0.14.jar:/home/hagar/.m2/repository/org/eclipse/jetty/jetty-xml/11.0.14/jetty-xml-11.0.14.jar:/home/hagar/.m2/repository/org/eclipse/jetty/jetty-annotations/11.0.14/jetty-annotations-11.0.14.jar:/home/hagar/.m2/repository/org/eclipse/jetty/jetty-plus/11.0.14/jetty-plus-11.0.14.jar:/home/hagar/.m2/repository/jakarta/transaction/jakarta.transaction-api/2.0.1/jakarta.transaction-api-2.0.1.jar:/home/hagar/.m2/repository/org/eclipse/jetty/jetty-jndi/11.0.14/jetty-jndi-11.0.14.jar:/home/hagar/.m2/repository/org/ow2/asm/asm/9.4/asm-9.4.jar:/home/hagar/.m2/repository/org/ow2/asm/asm-commons/9.4/asm-commons-9.4.jar:/home/hagar/.m2/repository/org/ow2/asm/asm-tree/9.4/asm-tree-9.4.jar:/home/hagar/.m2/repository/org/eclipse/jetty/jetty-io/11.0.14/jetty-io-11.0.14.jar:/home/hagar/.m2/repository/org/eclipse/jetty/jetty-util/11.0.14/jetty-util-11.0.14.jar:/home/hagar/.m2/repository/com/github/tomakehurst/wiremock/3.0.0-beta-10/wiremock-3.0.0-beta-10.jar:/home/hagar/.m2/repository/org/eclipse/jetty/jetty-servlets/11.0.14/jetty-servlets-11.0.14.jar:/home/hagar/.m2/repository/org/eclipse/jetty/jetty-proxy/11.0.14/jetty-proxy-11.0.14.jar:/home/hagar/.m2/repository/org/eclipse/jetty/jetty-client/11.0.14/jetty-client-11.0.14.jar:/home/hagar/.m2/repository/org/eclipse/jetty/http2/http2-server/11.0.14/http2-server-11.0.14.jar:/home/hagar/.m2/repository/org/eclipse/jetty/http2/http2-common/11.0.14/http2-common-11.0.14.jar:/home/hagar/.m2/repository/org/eclipse/jetty/http2/http2-hpack/11.0.14/http2-hpack-11.0.14.jar:/home/hagar/.m2/repository/org/eclipse/jetty/jetty-alpn-server/11.0.14/jetty-alpn-server-11.0.14.jar:/home/hagar/.m2/repository/org/eclipse/jetty/jetty-alpn-java-server/11.0.14/jetty-alpn-java-server-11.0.14.jar:/home/hagar/.m2/repository/org/eclipse/jetty/jetty-alpn-java-client/11.0.14/jetty-alpn-java-client-11.0.14.jar:/home/hagar/.m2/repository/org/eclipse/jetty/jetty-alpn-client/11.0.14/jetty-alpn-client-11.0.14.jar:/home/hagar/.m2/repository/com/google/guava/guava/32.0.1-jre/guava-32.0.1-jre.jar:/home/hagar/.m2/repository/com/google/guava/failureaccess/1.0.1/failureaccess-1.0.1.jar:/home/hagar/.m2/repository/com/google/guava/listenablefuture/9999.0-empty-to-avoid-conflict-with-guava/listenablefuture-9999.0-empty-to-avoid-conflict-with-guava.jar:/home/hagar/.m2/repository/com/google/code/findbugs/jsr305/3.0.2/jsr305-3.0.2.jar:/home/hagar/.m2/repository/com/google/j2objc/j2objc-annotations/2.8/j2objc-annotations-2.8.jar:/home/hagar/.m2/repository/org/apache/httpcomponents/client5/httpclient5/5.1.4/httpclient5-5.1.4.jar:/home/hagar/.m2/repository/org/apache/httpcomponents/core5/httpcore5/5.1.5/httpcore5-5.1.5.jar:/home/hagar/.m2/repository/org/apache/httpcomponents/core5/httpcore5-h2/5.1.5/httpcore5-h2-5.1.5.jar:/home/hagar/.m2/repository/org/xmlunit/xmlunit-legacy/2.9.1/xmlunit-legacy-2.9.1.jar:/home/hagar/.m2/repository/org/xmlunit/xmlunit-placeholders/2.9.1/xmlunit-placeholders-2.9.1.jar:/home/hagar/.m2/repository/net/javacrumbs/json-unit/json-unit-core/2.38.0/json-unit-core-2.38.0.jar:/home/hagar/.m2/repository/net/sf/jopt-simple/jopt-simple/5.0.4/jopt-simple-5.0.4.jar:/home/hagar/.m2/repository/com/github/jknack/handlebars/4.3.1/handlebars-4.3.1.jar:/home/hagar/.m2/repository/com/github/jknack/handlebars-helpers/4.3.1/handlebars-helpers-4.3.1.jar:/home/hagar/.m2/repository/commons-fileupload/commons-fileupload/1.5/commons-fileupload-1.5.jar:/home/hagar/.m2/repository/com/networknt/json-schema-validator/1.0.83/json-schema-validator-1.0.83.jar:/home/hagar/.m2/repository/com/ethlo/time/itu/1.7.0/itu-1.7.0.jar:/home/hagar/.m2/repository/com/fasterxml/jackson/dataformat/jackson-dataformat-yaml/2.14.2/jackson-dataformat-yaml-2.14.2.jar:/home/hagar/.m2/repository/org/junit/vintage/junit-vintage-engine/5.10.0/junit-vintage-engine-5.10.0.jar:/home/hagar/.m2/repository/org/junit/platform/junit-platform-engine/1.9.2/junit-platform-engine-1.9.2.jar:/home/hagar/.m2/repository/org/apiguardian/apiguardian-api/1.1.2/apiguardian-api-1.1.2.jar:"/>
    <property name="sun.cpu.endian" value="little"/>
    <property name="user.home" value="/home/hagar"/>
    <property name="user.language" value="en"/>
    <property name="java.specification.vendor" value="Oracle Corporation"/>
    <property name="java.version.date" value="2023-07-18"/>
    <property name="java.home" value="/usr/lib/jvm/jdk-20"/>
    <property name="file.separator" value="/"/>
    <property name="basedir" value="/home/hagar/cloud-security-services-integration-library/samples/spring-security-hybrid-usage"/>
    <property name="java.vm.compressedOopsMode" value="Zero based"/>
    <property name="line.separator" value="&#10;"/>
    <property name="java.vm.specification.vendor" value="Oracle Corporation"/>
    <property name="java.specification.name" value="Java Platform API Specification"/>
    <property name="FILE_LOG_CHARSET" value="UTF-8"/>
    <property name="java.awt.headless" value="true"/>
    <property name="surefire.real.class.path" value="/home/hagar/cloud-security-services-integration-library/samples/spring-security-hybrid-usage/target/surefire/surefirebooter-20231019132714568_3.jar"/>
    <property name="sun.management.compiler" value="HotSpot 64-Bit Tiered Compilers"/>
    <property name="org.eclipse.jetty.http.HttpGenerator.STRICT" value="true"/>
    <property name="java.runtime.version" value="20.0.2+9-78"/>
    <property name="user.name" value="hagar"/>
    <property name="stdout.encoding" value="UTF-8"/>
    <property name="path.separator" value=":"/>
    <property name="os.version" value="6.2.0-34-generic"/>
    <property name="java.runtime.name" value="Java(TM) SE Runtime Environment"/>
    <property name="file.encoding" value="UTF-8"/>
    <property name="java.vm.name" value="Java HotSpot(TM) 64-Bit Server VM"/>
    <property name="localRepository" value="/home/hagar/.m2/repository"/>
    <property name="javax.xml.xpath.XPathFactory:http://java.sun.com/jaxp/xpath/dom" value="com.sun.org.apache.xpath.internal.jaxp.XPathFactoryImpl"/>
    <property name="java.vendor.url.bug" value="https://bugreport.java.com/bugreport/"/>
    <property name="jetty.git.hash" value="4601fe8dd805ce75b69c64466c115a162586641b"/>
    <property name="java.io.tmpdir" value="/tmp"/>
    <property name="java.version" value="20.0.2"/>
    <property name="user.dir" value="/home/hagar/cloud-security-services-integration-library/samples/spring-security-hybrid-usage"/>
    <property name="os.arch" value="amd64"/>
    <property name="java.vm.specification.name" value="Java Virtual Machine Specification"/>
    <property name="PID" value="125181"/>
    <property name="CONSOLE_LOG_CHARSET" value="UTF-8"/>
    <property name="native.encoding" value="UTF-8"/>
    <property name="java.library.path" value="/usr/java/packages/lib:/usr/lib64:/lib64:/lib:/usr/lib"/>
    <property name="java.vm.info" value="mixed mode, sharing"/>
    <property name="stderr.encoding" value="UTF-8"/>
    <property name="java.vendor" value="Oracle Corporation"/>
    <property name="java.vm.version" value="20.0.2+9-78"/>
    <property name="sun.io.unicode.encoding" value="UnicodeLittle"/>
    <property name="javax.xml.transform.TransformerFactory" value="com.sun.org.apache.xalan.internal.xsltc.trax.TransformerFactoryImpl"/>
    <property name="java.class.version" value="64.0"/>
  </properties>
  <testcase name="sayHello_compatibility" classname="sample.spring.security.junitjupiter.TestControllerXsuaaTest" time="0.847">
    <system-out><![CDATA[2023-10-19T13:28:33.505+03:00  WARN 125181 --- [           main] o.e.jetty.server.AbstractConnector       : Acceptors should be <= availableProcessors: NetworkTrafficServerConnector@406decb2{HTTP/1.1, (http/1.1, h2c)}{0.0.0.0:0} 
2023-10-19T13:28:33.515+03:00  WARN 125181 --- [           main] c.s.c.s.client.DefaultHttpClientFactory  : Application has already created HttpClient for clientId = null, please check.
2023-10-19T13:28:33.523+03:00  INFO 125181 --- [           main] t.c.s.AnnotationConfigContextLoaderUtils : Could not detect default configuration classes for test class [sample.spring.security.junitjupiter.TestControllerXsuaaTest]: TestControllerXsuaaTest does not declare any static, non-private, non-final, nested classes annotated with @Configuration.
2023-10-19T13:28:33.527+03:00  INFO 125181 --- [           main] .b.t.c.SpringBootTestContextBootstrapper : Found @SpringBootConfiguration sample.spring.security.Application for test class sample.spring.security.junitjupiter.TestControllerXsuaaTest
2023-10-19T13:28:33.537+03:00  INFO 125181 --- [           main] org.eclipse.jetty.server.Server          : jetty-11.0.14; built: 2023-02-22T23:41:48.575Z; git: 4601fe8dd805ce75b69c64466c115a162586641b; jvm 20.0.2+9-78
2023-10-19T13:28:33.606+03:00  INFO 125181 --- [           main] o.e.jetty.server.handler.ContextHandler  : Started o.e.j.s.ServletContextHandler@475eb4fd{/__admin,null,AVAILABLE}
2023-10-19T13:28:33.607+03:00  INFO 125181 --- [           main] o.e.j.s.handler.ContextHandler.ROOT      : RequestHandlerClass from context returned com.github.tomakehurst.wiremock.http.StubRequestHandler. Normalized mapped under returned 'null'
2023-10-19T13:28:33.607+03:00  INFO 125181 --- [           main] o.e.jetty.server.handler.ContextHandler  : Started o.e.j.s.ServletContextHandler@951e911{/,null,AVAILABLE}
2023-10-19T13:28:33.609+03:00  INFO 125181 --- [           main] o.e.jetty.server.AbstractConnector       : Started NetworkTrafficServerConnector@406decb2{HTTP/1.1, (http/1.1, h2c)}{0.0.0.0:46145}
2023-10-19T13:28:33.610+03:00  INFO 125181 --- [           main] org.eclipse.jetty.server.Server          : Started Server@245dbd09{STARTING}[11.0.14,sto=1000] @78690ms
2023-10-19T13:28:34.388+03:00  INFO 125181 --- [           main] Spring Security Debugger                 : 

************************************************************

Request received for GET '/comp/sayHello':

com.sap.hcp.cf.logging.servlet.filter.LoggingContextRequestWrapper@38d308e7

servletPath:
pathInfo:/comp/sayHello
headers: 
Authorization: Bearer eyJqa3UiOiJodHRwOi8vbG9jYWxob3N0OjQ2MTQ1L3Rva2VuX2tleXMiLCJraWQiOiJkZWZhdWx0LWtpZCIsImFsZyI6IlJTMjU2In0.eyJhdWQiOlsic2ItY2xpZW50SWQhdDA4MTUiXSwiZXh0X2F0dHIiOnsiZW5oYW5jZXIiOiJYU1VBQSJ9LCJ6aWQiOiJ0aGUtem9uZS1pZCIsImdyYW50X3R5cGUiOiJ1cm46aWV0ZjpwYXJhbXM6b2F1dGg6Z3JhbnQtdHlwZTpqd3QtYmVhcmVyIiwiYXpwIjoic2ItY2xpZW50SWQhdDA4MTUiLCJzY29wZSI6WyJ4c2FwcCF0MDgxNS5SZWFkIl0sImlzcyI6Imh0dHA6Ly9sb2NhbGhvc3Q6NDYxNDUiLCJleHAiOjY5NzQwMjgwMDAsImNpZCI6InNiLWNsaWVudElkIXQwODE1In0.PBhNCUv3zpSQW6NWntGD_JNSRfClYoREjKtvrlM5qCDZ4lwhBKB4HNHduDAXo0zJYZwkWu9Ecoy_7xkGcis5EjqNkm13mcg_ekWg9YIyM8wBFC4K1NXEPsJFG9wTTDrgKkNqUI7KJZpugWbeh4wdOPNKA4C4m7n1ZATTM3WmziS7xCi3P1nm3Qr2OOUZJ73DqFMQSoqkoVIWNuHlrGLkuXsoQVpHD7-NDDWwc8vzcgc3A5dS2-0oNoLmk5Ay9YdPklLoVWLZ_pLvVdbwwJ4AqWu1jn3k-6kBohNleQ6T_HKsYQzfLEtuu-PmFBxKLNerjaWJVEYGC0ZheQz4crmu-aeWIdFN_VeHzUNk1j365DDfTewnxGjR0yoWswmv41XW0FNDn3ek3goxat4faVmvlxkgoWBni3GxMHs2uPl23RXf12asWcecK6NcjHpXcH-4QMvYA5GRAH0Xp-ngtTDp-Bxo879cCMpIWkK2zdCuiPW8navKr4pslkdpLaYVOgxu


Security filter chain: [
  DisableEncodeUrlFilter
  WebAsyncManagerIntegrationFilter
  SecurityContextHolderFilter
  HeaderWriterFilter
  CsrfFilter
  LogoutFilter
  BearerTokenAuthenticationFilter
  RequestCacheAwareFilter
  SecurityContextHolderAwareRequestFilter
  AnonymousAuthenticationFilter
  SessionManagementFilter
  ExceptionTranslationFilter
  AuthorizationFilter
]


************************************************************


2023-10-19T13:28:34.390+03:00  WARN 125181 --- [           main] c.s.c.s.client.DefaultHttpClientFactory  : Application has already created HttpClient for clientId = null, please check.
2023-10-19T13:28:34.451+03:00  INFO 125181 --- [           main] c.s.c.s.t.v.v.JwtAudienceValidator       : The audiences that are derived from the token: [sb-clientId!t0815].
2023-10-19T13:28:34.469+03:00  WARN 125181 --- [           main] c.sap.cloud.security.token.XsuaaToken    : origin claim not set in JWT. Cannot create unique user name. Returning null.
2023-10-19T13:28:34.469+03:00  INFO 125181 --- [           main] c.s.h.c.l.servlet.filter.RequestLogger   : 
]]></system-out>
  </testcase>
  <testcase name="sayHello" classname="sample.spring.security.junitjupiter.TestControllerXsuaaTest" time="1.659">
    <system-out><![CDATA[2023-10-19T13:28:36.107+03:00  INFO 125181 --- [           main] Spring Security Debugger                 : 

************************************************************

Request received for GET '/sayHello':

com.sap.hcp.cf.logging.servlet.filter.LoggingContextRequestWrapper@10230657

servletPath:
pathInfo:/sayHello
headers: 
Authorization: Bearer eyJqa3UiOiJodHRwOi8vbG9jYWxob3N0OjQ2MTQ1L3Rva2VuX2tleXMiLCJraWQiOiJkZWZhdWx0LWtpZCIsImFsZyI6IlJTMjU2In0.eyJhdWQiOlsic2ItY2xpZW50SWQhdDA4MTUiXSwiZXh0X2F0dHIiOnsiZW5oYW5jZXIiOiJYU1VBQSJ9LCJ6aWQiOiJ0aGUtem9uZS1pZCIsImdyYW50X3R5cGUiOiJ1cm46aWV0ZjpwYXJhbXM6b2F1dGg6Z3JhbnQtdHlwZTpqd3QtYmVhcmVyIiwiYXpwIjoic2ItY2xpZW50SWQhdDA4MTUiLCJzY29wZSI6WyJ4c2FwcCF0MDgxNS5SZWFkIl0sImlzcyI6Imh0dHA6Ly9sb2NhbGhvc3Q6NDYxNDUiLCJleHAiOjY5NzQwMjgwMDAsImNpZCI6InNiLWNsaWVudElkIXQwODE1In0.PBhNCUv3zpSQW6NWntGD_JNSRfClYoREjKtvrlM5qCDZ4lwhBKB4HNHduDAXo0zJYZwkWu9Ecoy_7xkGcis5EjqNkm13mcg_ekWg9YIyM8wBFC4K1NXEPsJFG9wTTDrgKkNqUI7KJZpugWbeh4wdOPNKA4C4m7n1ZATTM3WmziS7xCi3P1nm3Qr2OOUZJ73DqFMQSoqkoVIWNuHlrGLkuXsoQVpHD7-NDDWwc8vzcgc3A5dS2-0oNoLmk5Ay9YdPklLoVWLZ_pLvVdbwwJ4AqWu1jn3k-6kBohNleQ6T_HKsYQzfLEtuu-PmFBxKLNerjaWJVEYGC0ZheQz4crmu-aeWIdFN_VeHzUNk1j365DDfTewnxGjR0yoWswmv41XW0FNDn3ek3goxat4faVmvlxkgoWBni3GxMHs2uPl23RXf12asWcecK6NcjHpXcH-4QMvYA5GRAH0Xp-ngtTDp-Bxo879cCMpIWkK2zdCuiPW8navKr4pslkdpLaYVOgxu


Security filter chain: [
  DisableEncodeUrlFilter
  WebAsyncManagerIntegrationFilter
  SecurityContextHolderFilter
  HeaderWriterFilter
  CsrfFilter
  LogoutFilter
  BearerTokenAuthenticationFilter
  RequestCacheAwareFilter
  SecurityContextHolderAwareRequestFilter
  AnonymousAuthenticationFilter
  SessionManagementFilter
  ExceptionTranslationFilter
  AuthorizationFilter
]


************************************************************


2023-10-19T13:28:36.117+03:00  INFO 125181 --- [           main] c.s.c.s.t.v.v.JwtAudienceValidator       : The audiences that are derived from the token: [sb-clientId!t0815].
2023-10-19T13:28:36.124+03:00  WARN 125181 --- [           main] c.sap.cloud.security.token.XsuaaToken    : origin claim not set in JWT. Cannot create unique user name. Returning null.
2023-10-19T13:28:36.124+03:00  INFO 125181 --- [           main] c.s.h.c.l.servlet.filter.RequestLogger   : 
]]></system-out>
  </testcase>
  <testcase name="readData_FORBIDDEN(SecurityTestContext)" classname="sample.spring.security.junitjupiter.TestControllerXsuaaTest" time="2.334">
    <system-out><![CDATA[2023-10-19T13:28:38.440+03:00  INFO 125181 --- [           main] Spring Security Debugger                 : 

************************************************************

Request received for GET '/method':

com.sap.hcp.cf.logging.servlet.filter.LoggingContextRequestWrapper@48a21ea6

servletPath:
pathInfo:/method
headers: 
Authorization: Bearer eyJqa3UiOiJodHRwOi8vbG9jYWxob3N0OjQ2MTQ1L3Rva2VuX2tleXMiLCJraWQiOiJkZWZhdWx0LWtpZCIsImFsZyI6IlJTMjU2In0.eyJhdWQiOlsic2ItY2xpZW50SWQhdDA4MTUiXSwiZXh0X2F0dHIiOnsiZW5oYW5jZXIiOiJYU1VBQSJ9LCJ6aWQiOiJ0aGUtem9uZS1pZCIsImdyYW50X3R5cGUiOiJ1cm46aWV0ZjpwYXJhbXM6b2F1dGg6Z3JhbnQtdHlwZTpqd3QtYmVhcmVyIiwiYXpwIjoic2ItY2xpZW50SWQhdDA4MTUiLCJpc3MiOiJodHRwOi8vbG9jYWxob3N0OjQ2MTQ1IiwiZXhwIjo2OTc0MDI4MDAwLCJjaWQiOiJzYi1jbGllbnRJZCF0MDgxNSJ9.Hhg5l3pV29I0r1fuz3yakGYQSp2CG2az5sIszfkrEETeIYr51fXBXtUim0iWwPKXzsH2FujSaYRcbkr-zWqJK2zHXOkFsGBHp5WGmu6dMu4zjfSxH1BiB8lNS8bDooYovJt31NzWfBxLDHV1P4n9_YhHQ6-Kuo2hSKoK8FfqI0mlfeWZ-Z7bl9wh-NYM7RKwU8AHSWZ4fLtaWEoMEupz18ugaCaod2Z7pcXhaCtu6Hd5YbWcgXT4Bb-JrMyGqQL7Zvl5csMaBG9vDU7XTnFAe2loes5zUz4xHCpPSxgRfStWLkr7QC8vssUInan21Wlnfg0fdYirf_d48fsURKcuAmZW-K3LgDu396-ZWOXnZW72SXHiCiv2XMqQ8Nl1IwtasSu2g2USE-8oMeVHTRWwCyuB_-mroRRYxJk_OyzKuWN3aXChJy3h3rQRlnAPoyEBe5uulsVLcrGo8DRtxY1jaJcXEFOSDoD-fwymtKTLHJRz2lP3RZKiUPceDpCCqqDk


Security filter chain: [
  DisableEncodeUrlFilter
  WebAsyncManagerIntegrationFilter
  SecurityContextHolderFilter
  HeaderWriterFilter
  CsrfFilter
  LogoutFilter
  BearerTokenAuthenticationFilter
  RequestCacheAwareFilter
  SecurityContextHolderAwareRequestFilter
  AnonymousAuthenticationFilter
  SessionManagementFilter
  ExceptionTranslationFilter
  AuthorizationFilter
]


************************************************************


2023-10-19T13:28:38.446+03:00  INFO 125181 --- [           main] c.s.c.s.t.v.v.JwtAudienceValidator       : The audiences that are derived from the token: [sb-clientId!t0815].
2023-10-19T13:28:38.448+03:00  WARN 125181 --- [           main] c.sap.cloud.security.token.XsuaaToken    : origin claim not set in JWT. Cannot create unique user name. Returning null.
2023-10-19T13:28:38.449+03:00  INFO 125181 --- [           main] c.s.h.c.l.servlet.filter.RequestLogger   : 
]]></system-out>
  </testcase>
  <testcase name="readData_OK" classname="sample.spring.security.junitjupiter.TestControllerXsuaaTest" time="1.12">
    <system-out><![CDATA[2023-10-19T13:28:39.603+03:00  INFO 125181 --- [           main] Spring Security Debugger                 : 

************************************************************

Request received for GET '/method':

com.sap.hcp.cf.logging.servlet.filter.LoggingContextRequestWrapper@394e504d

servletPath:
pathInfo:/method
headers: 
Authorization: Bearer eyJqa3UiOiJodHRwOi8vbG9jYWxob3N0OjQ2MTQ1L3Rva2VuX2tleXMiLCJraWQiOiJkZWZhdWx0LWtpZCIsImFsZyI6IlJTMjU2In0.eyJhdWQiOlsic2ItY2xpZW50SWQhdDA4MTUiXSwiZXh0X2F0dHIiOnsiZW5oYW5jZXIiOiJYU1VBQSJ9LCJ6aWQiOiJ0aGUtem9uZS1pZCIsImdyYW50X3R5cGUiOiJ1cm46aWV0ZjpwYXJhbXM6b2F1dGg6Z3JhbnQtdHlwZTpqd3QtYmVhcmVyIiwiYXpwIjoic2ItY2xpZW50SWQhdDA4MTUiLCJzY29wZSI6WyJ4c2FwcCF0MDgxNS5SZWFkIl0sImlzcyI6Imh0dHA6Ly9sb2NhbGhvc3Q6NDYxNDUiLCJleHAiOjY5NzQwMjgwMDAsImNpZCI6InNiLWNsaWVudElkIXQwODE1In0.PBhNCUv3zpSQW6NWntGD_JNSRfClYoREjKtvrlM5qCDZ4lwhBKB4HNHduDAXo0zJYZwkWu9Ecoy_7xkGcis5EjqNkm13mcg_ekWg9YIyM8wBFC4K1NXEPsJFG9wTTDrgKkNqUI7KJZpugWbeh4wdOPNKA4C4m7n1ZATTM3WmziS7xCi3P1nm3Qr2OOUZJ73DqFMQSoqkoVIWNuHlrGLkuXsoQVpHD7-NDDWwc8vzcgc3A5dS2-0oNoLmk5Ay9YdPklLoVWLZ_pLvVdbwwJ4AqWu1jn3k-6kBohNleQ6T_HKsYQzfLEtuu-PmFBxKLNerjaWJVEYGC0ZheQz4crmu-aeWIdFN_VeHzUNk1j365DDfTewnxGjR0yoWswmv41XW0FNDn3ek3goxat4faVmvlxkgoWBni3GxMHs2uPl23RXf12asWcecK6NcjHpXcH-4QMvYA5GRAH0Xp-ngtTDp-Bxo879cCMpIWkK2zdCuiPW8navKr4pslkdpLaYVOgxu


Security filter chain: [
  DisableEncodeUrlFilter
  WebAsyncManagerIntegrationFilter
  SecurityContextHolderFilter
  HeaderWriterFilter
  CsrfFilter
  LogoutFilter
  BearerTokenAuthenticationFilter
  RequestCacheAwareFilter
  SecurityContextHolderAwareRequestFilter
  AnonymousAuthenticationFilter
  SessionManagementFilter
  ExceptionTranslationFilter
  AuthorizationFilter
]


************************************************************


2023-10-19T13:28:39.608+03:00  INFO 125181 --- [           main] c.s.c.s.t.v.v.JwtAudienceValidator       : The audiences that are derived from the token: [sb-clientId!t0815].
2023-10-19T13:28:39.616+03:00  WARN 125181 --- [           main] c.sap.cloud.security.token.XsuaaToken    : origin claim not set in JWT. Cannot create unique user name. Returning null.
2023-10-19T13:28:39.616+03:00  INFO 125181 --- [           main] c.s.h.c.l.servlet.filter.RequestLogger   : 
]]></system-out>
  </testcase>
</testsuite>