<?xml version="1.0" encoding="UTF-8"?>
<testsuite xmlns:xsi="http://www.w3.org/2001/XMLSchema-instance" xsi:noNamespaceSchemaLocation="https://maven.apache.org/surefire/maven-surefire-plugin/xsd/surefire-test-report-3.0.xsd" version="3.0" name="sample.spring.security.junitjupiter.ApplicationTest" time="3.544" tests="1" errors="0" skipped="0" failures="0">
  <properties>
    <property name="java.specification.version" value="20"/>
    <property name="sun.jnu.encoding" value="UTF-8"/>
    <property name="spring-boot.build-image.imageName" value="hagarrnabil/xsuaaa"/>
    <property name="java.class.path" value="/home/hagar/cloud-security-services-integration-library/samples/spring-security-hybrid-usage/target/test-classes:/home/hagar/cloud-security-services-integration-library/samples/spring-security-hybrid-usage/target/classes:/home/hagar/.m2/repository/org/springframework/boot/spring-boot-starter-web/3.0.4/spring-boot-starter-web-3.0.4.jar:/home/hagar/.m2/repository/org/springframework/boot/spring-boot-starter/3.0.4/spring-boot-starter-3.0.4.jar:/home/hagar/.m2/repository/org/springframework/boot/spring-boot/3.0.4/spring-boot-3.0.4.jar:/home/hagar/.m2/repository/org/springframework/boot/spring-boot-starter-logging/3.0.4/spring-boot-starter-logging-3.0.4.jar:/home/hagar/.m2/repository/ch/qos/logback/logback-classic/1.4.5/logback-classic-1.4.5.jar:/home/hagar/.m2/repository/ch/qos/logback/logback-core/1.4.5/logback-core-1.4.5.jar:/home/hagar/.m2/repository/org/slf4j/jul-to-slf4j/2.0.6/jul-to-slf4j-2.0.6.jar:/home/hagar/.m2/repository/jakarta/annotation/jakarta.annotation-api/2.1.1/jakarta.annotation-api-2.1.1.jar:/home/hagar/.m2/repository/org/yaml/snakeyaml/1.33/snakeyaml-1.33.jar:/home/hagar/.m2/repository/org/springframework/boot/spring-boot-starter-json/3.0.4/spring-boot-starter-json-3.0.4.jar:/home/hagar/.m2/repository/com/fasterxml/jackson/datatype/jackson-datatype-jdk8/2.14.2/jackson-datatype-jdk8-2.14.2.jar:/home/hagar/.m2/repository/com/fasterxml/jackson/datatype/jackson-datatype-jsr310/2.14.2/jackson-datatype-jsr310-2.14.2.jar:/home/hagar/.m2/repository/com/fasterxml/jackson/module/jackson-module-parameter-names/2.14.2/jackson-module-parameter-names-2.14.2.jar:/home/hagar/.m2/repository/org/springframework/boot/spring-boot-starter-tomcat/3.0.4/spring-boot-starter-tomcat-3.0.4.jar:/home/hagar/.m2/repository/org/apache/tomcat/embed/tomcat-embed-core/10.1.5/tomcat-embed-core-10.1.5.jar:/home/hagar/.m2/repository/org/apache/tomcat/embed/tomcat-embed-el/10.1.5/tomcat-embed-el-10.1.5.jar:/home/hagar/.m2/repository/org/apache/tomcat/embed/tomcat-embed-websocket/10.1.5/tomcat-embed-websocket-10.1.5.jar:/home/hagar/.m2/repository/org/springframework/spring-web/6.0.6/spring-web-6.0.6.jar:/home/hagar/.m2/repository/org/springframework/spring-beans/6.0.6/spring-beans-6.0.6.jar:/home/hagar/.m2/repository/io/micrometer/micrometer-observation/1.10.4/micrometer-observation-1.10.4.jar:/home/hagar/.m2/repository/io/micrometer/micrometer-commons/1.10.4/micrometer-commons-1.10.4.jar:/home/hagar/.m2/repository/org/springframework/spring-webmvc/6.0.6/spring-webmvc-6.0.6.jar:/home/hagar/.m2/repository/org/springframework/spring-context/6.0.6/spring-context-6.0.6.jar:/home/hagar/.m2/repository/org/springframework/spring-expression/6.0.6/spring-expression-6.0.6.jar:/home/hagar/.m2/repository/org/springframework/boot/spring-boot-starter-security/3.0.4/spring-boot-starter-security-3.0.4.jar:/home/hagar/.m2/repository/org/springframework/spring-aop/6.0.6/spring-aop-6.0.6.jar:/home/hagar/.m2/repository/org/springframework/security/spring-security-config/6.0.2/spring-security-config-6.0.2.jar:/home/hagar/.m2/repository/org/springframework/security/spring-security-core/6.0.2/spring-security-core-6.0.2.jar:/home/hagar/.m2/repository/org/springframework/security/spring-security-crypto/6.0.2/spring-security-crypto-6.0.2.jar:/home/hagar/.m2/repository/org/springframework/security/spring-security-web/6.0.2/spring-security-web-6.0.2.jar:/home/hagar/.m2/repository/com/sap/cloud/security/resourceserver-security-spring-boot-starter/3.1.3/resourceserver-security-spring-boot-starter-3.1.3.jar:/home/hagar/.m2/repository/com/sap/cloud/security/spring-security/3.1.3/spring-security-3.1.3.jar:/home/hagar/.m2/repository/org/springframework/security/spring-security-oauth2-jose/6.0.2/spring-security-oauth2-jose-6.0.2.jar:/home/hagar/.m2/repository/org/springframework/security/spring-security-oauth2-core/6.0.2/spring-security-oauth2-core-6.0.2.jar:/home/hagar/.m2/repository/com/nimbusds/nimbus-jose-jwt/9.24.4/nimbus-jose-jwt-9.24.4.jar:/home/hagar/.m2/repository/com/github/stephenc/jcip/jcip-annotations/1.0-1/jcip-annotations-1.0-1.jar:/home/hagar/.m2/repository/org/springframework/security/spring-security-oauth2-resource-server/6.0.2/spring-security-oauth2-resource-server-6.0.2.jar:/home/hagar/.m2/repository/org/springframework/boot/spring-boot-autoconfigure/3.0.4/spring-boot-autoconfigure-3.0.4.jar:/home/hagar/.m2/repository/com/sap/cloud/security/java-api/3.1.3/java-api-3.1.3.jar:/home/hagar/.m2/repository/com/sap/cloud/security/xsuaa/spring-security-compatibility/3.1.3/spring-security-compatibility-3.1.3.jar:/home/hagar/.m2/repository/com/sap/cloud/security/xsuaa/spring-xsuaa/3.1.3/spring-xsuaa-3.1.3.jar:/home/hagar/.m2/repository/org/apache/logging/log4j/log4j-to-slf4j/2.19.0/log4j-to-slf4j-2.19.0.jar:/home/hagar/.m2/repository/org/apache/logging/log4j/log4j-api/2.19.0/log4j-api-2.19.0.jar:/home/hagar/.m2/repository/com/sap/cloud/security/env/3.1.3/env-3.1.3.jar:/home/hagar/.m2/repository/com/sap/cloud/environment/servicebinding/java-sap-vcap-services/0.9.0/java-sap-vcap-services-0.9.0.jar:/home/hagar/.m2/repository/com/sap/cloud/environment/servicebinding/api/java-core-api/0.9.0/java-core-api-0.9.0.jar:/home/hagar/.m2/repository/com/sap/cloud/environment/servicebinding/java-sap-service-operator/0.9.0/java-sap-service-operator-0.9.0.jar:/home/hagar/.m2/repository/com/sap/cloud/environment/servicebinding/api/java-consumption-api/0.9.0/java-consumption-api-0.9.0.jar:/home/hagar/.m2/repository/com/sap/cloud/environment/servicebinding/api/java-access-api/0.9.0/java-access-api-0.9.0.jar:/home/hagar/.m2/repository/org/json/json/20230618/json-20230618.jar:/home/hagar/.m2/repository/com/sap/cloud/security/xsuaa/token-client/3.1.3/token-client-3.1.3.jar:/home/hagar/.m2/repository/com/github/ben-manes/caffeine/caffeine/3.1.4/caffeine-3.1.4.jar:/home/hagar/.m2/repository/org/checkerframework/checker-qual/3.31.0/checker-qual-3.31.0.jar:/home/hagar/.m2/repository/com/google/errorprone/error_prone_annotations/2.18.0/error_prone_annotations-2.18.0.jar:/home/hagar/.m2/repository/commons-io/commons-io/2.13.0/commons-io-2.13.0.jar:/home/hagar/.m2/repository/org/apache/httpcomponents/httpclient/4.5.14/httpclient-4.5.14.jar:/home/hagar/.m2/repository/org/apache/httpcomponents/httpcore/4.4.16/httpcore-4.4.16.jar:/home/hagar/.m2/repository/commons-codec/commons-codec/1.15/commons-codec-1.15.jar:/home/hagar/.m2/repository/com/sap/hcp/cf/logging/cf-java-logging-support-servlet-jakarta/3.7.0/cf-java-logging-support-servlet-jakarta-3.7.0.jar:/home/hagar/.m2/repository/com/sap/hcp/cf/logging/cf-java-logging-support-core/3.7.0/cf-java-logging-support-core-3.7.0.jar:/home/hagar/.m2/repository/com/fasterxml/jackson/jr/jackson-jr-objects/2.14.2/jackson-jr-objects-2.14.2.jar:/home/hagar/.m2/repository/org/apache/commons/commons-lang3/3.12.0/commons-lang3-3.12.0.jar:/home/hagar/.m2/repository/com/auth0/java-jwt/3.19.4/java-jwt-3.19.4.jar:/home/hagar/.m2/repository/com/fasterxml/jackson/core/jackson-databind/2.14.2/jackson-databind-2.14.2.jar:/home/hagar/.m2/repository/com/fasterxml/jackson/core/jackson-annotations/2.14.2/jackson-annotations-2.14.2.jar:/home/hagar/.m2/repository/com/fasterxml/jackson/core/jackson-core/2.14.2/jackson-core-2.14.2.jar:/home/hagar/.m2/repository/org/springframework/boot/spring-boot-starter-test/3.0.4/spring-boot-starter-test-3.0.4.jar:/home/hagar/.m2/repository/org/springframework/boot/spring-boot-test/3.0.4/spring-boot-test-3.0.4.jar:/home/hagar/.m2/repository/org/springframework/boot/spring-boot-test-autoconfigure/3.0.4/spring-boot-test-autoconfigure-3.0.4.jar:/home/hagar/.m2/repository/com/jayway/jsonpath/json-path/2.7.0/json-path-2.7.0.jar:/home/hagar/.m2/repository/net/minidev/json-smart/2.4.8/json-smart-2.4.8.jar:/home/hagar/.m2/repository/net/minidev/accessors-smart/2.4.8/accessors-smart-2.4.8.jar:/home/hagar/.m2/repository/org/slf4j/slf4j-api/2.0.6/slf4j-api-2.0.6.jar:/home/hagar/.m2/repository/jakarta/xml/bind/jakarta.xml.bind-api/4.0.0/jakarta.xml.bind-api-4.0.0.jar:/home/hagar/.m2/repository/jakarta/activation/jakarta.activation-api/2.1.1/jakarta.activation-api-2.1.1.jar:/home/hagar/.m2/repository/org/assertj/assertj-core/3.23.1/assertj-core-3.23.1.jar:/home/hagar/.m2/repository/net/bytebuddy/byte-buddy/1.12.23/byte-buddy-1.12.23.jar:/home/hagar/.m2/repository/org/hamcrest/hamcrest/2.2/hamcrest-2.2.jar:/home/hagar/.m2/repository/org/junit/jupiter/junit-jupiter/5.9.2/junit-jupiter-5.9.2.jar:/home/hagar/.m2/repository/org/junit/jupiter/junit-jupiter-params/5.9.2/junit-jupiter-params-5.9.2.jar:/home/hagar/.m2/repository/org/junit/jupiter/junit-jupiter-engine/5.9.2/junit-jupiter-engine-5.9.2.jar:/home/hagar/.m2/repository/org/mockito/mockito-core/4.8.1/mockito-core-4.8.1.jar:/home/hagar/.m2/repository/net/bytebuddy/byte-buddy-agent/1.12.23/byte-buddy-agent-1.12.23.jar:/home/hagar/.m2/repository/org/objenesis/objenesis/3.2/objenesis-3.2.jar:/home/hagar/.m2/repository/org/mockito/mockito-junit-jupiter/4.8.1/mockito-junit-jupiter-4.8.1.jar:/home/hagar/.m2/repository/org/skyscreamer/jsonassert/1.5.1/jsonassert-1.5.1.jar:/home/hagar/.m2/repository/org/springframework/spring-core/6.0.6/spring-core-6.0.6.jar:/home/hagar/.m2/repository/org/springframework/spring-jcl/6.0.6/spring-jcl-6.0.6.jar:/home/hagar/.m2/repository/org/springframework/spring-test/6.0.6/spring-test-6.0.6.jar:/home/hagar/.m2/repository/org/xmlunit/xmlunit-core/2.9.1/xmlunit-core-2.9.1.jar:/home/hagar/.m2/repository/com/sap/cloud/security/java-security-test/3.1.3/java-security-test-3.1.3.jar:/home/hagar/.m2/repository/com/sap/cloud/security/java-security/3.1.3/java-security-3.1.3.jar:/home/hagar/.m2/repository/junit/junit/4.13.2/junit-4.13.2.jar:/home/hagar/.m2/repository/org/hamcrest/hamcrest-core/2.2/hamcrest-core-2.2.jar:/home/hagar/.m2/repository/org/junit/jupiter/junit-jupiter-api/5.9.2/junit-jupiter-api-5.9.2.jar:/home/hagar/.m2/repository/org/opentest4j/opentest4j/1.2.0/opentest4j-1.2.0.jar:/home/hagar/.m2/repository/org/junit/platform/junit-platform-commons/1.9.2/junit-platform-commons-1.9.2.jar:/home/hagar/.m2/repository/org/eclipse/jetty/jetty-server/11.0.14/jetty-server-11.0.14.jar:/home/hagar/.m2/repository/org/eclipse/jetty/toolchain/jetty-jakarta-servlet-api/5.0.2/jetty-jakarta-servlet-api-5.0.2.jar:/home/hagar/.m2/repository/org/eclipse/jetty/jetty-http/11.0.14/jetty-http-11.0.14.jar:/home/hagar/.m2/repository/org/eclipse/jetty/jetty-servlet/11.0.14/jetty-servlet-11.0.14.jar:/home/hagar/.m2/repository/org/eclipse/jetty/jetty-security/11.0.14/jetty-security-11.0.14.jar:/home/hagar/.m2/repository/org/eclipse/jetty/jetty-webapp/11.0.14/jetty-webapp-11.0.14.jar:/home/hagar/.m2/repository/org/eclipse/jetty/jetty-xml/11.0.14/jetty-xml-11.0.14.jar:/home/hagar/.m2/repository/org/eclipse/jetty/jetty-annotations/11.0.14/jetty-annotations-11.0.14.jar:/home/hagar/.m2/repository/org/eclipse/jetty/jetty-plus/11.0.14/jetty-plus-11.0.14.jar:/home/hagar/.m2/repository/jakarta/transaction/jakarta.transaction-api/2.0.1/jakarta.transaction-api-2.0.1.jar:/home/hagar/.m2/repository/org/eclipse/jetty/jetty-jndi/11.0.14/jetty-jndi-11.0.14.jar:/home/hagar/.m2/repository/org/ow2/asm/asm/9.4/asm-9.4.jar:/home/hagar/.m2/repository/org/ow2/asm/asm-commons/9.4/asm-commons-9.4.jar:/home/hagar/.m2/repository/org/ow2/asm/asm-tree/9.4/asm-tree-9.4.jar:/home/hagar/.m2/repository/org/eclipse/jetty/jetty-io/11.0.14/jetty-io-11.0.14.jar:/home/hagar/.m2/repository/org/eclipse/jetty/jetty-util/11.0.14/jetty-util-11.0.14.jar:/home/hagar/.m2/repository/com/github/tomakehurst/wiremock/3.0.0-beta-10/wiremock-3.0.0-beta-10.jar:/home/hagar/.m2/repository/org/eclipse/jetty/jetty-servlets/11.0.14/jetty-servlets-11.0.14.jar:/home/hagar/.m2/repository/org/eclipse/jetty/jetty-proxy/11.0.14/jetty-proxy-11.0.14.jar:/home/hagar/.m2/repository/org/eclipse/jetty/jetty-client/11.0.14/jetty-client-11.0.14.jar:/home/hagar/.m2/repository/org/eclipse/jetty/http2/http2-server/11.0.14/http2-server-11.0.14.jar:/home/hagar/.m2/repository/org/eclipse/jetty/http2/http2-common/11.0.14/http2-common-11.0.14.jar:/home/hagar/.m2/repository/org/eclipse/jetty/http2/http2-hpack/11.0.14/http2-hpack-11.0.14.jar:/home/hagar/.m2/repository/org/eclipse/jetty/jetty-alpn-server/11.0.14/jetty-alpn-server-11.0.14.jar:/home/hagar/.m2/repository/org/eclipse/jetty/jetty-alpn-java-server/11.0.14/jetty-alpn-java-server-11.0.14.jar:/home/hagar/.m2/repository/org/eclipse/jetty/jetty-alpn-java-client/11.0.14/jetty-alpn-java-client-11.0.14.jar:/home/hagar/.m2/repository/org/eclipse/jetty/jetty-alpn-client/11.0.14/jetty-alpn-client-11.0.14.jar:/home/hagar/.m2/repository/com/google/guava/guava/32.0.1-jre/guava-32.0.1-jre.jar:/home/hagar/.m2/repository/com/google/guava/failureaccess/1.0.1/failureaccess-1.0.1.jar:/home/hagar/.m2/repository/com/google/guava/listenablefuture/9999.0-empty-to-avoid-conflict-with-guava/listenablefuture-9999.0-empty-to-avoid-conflict-with-guava.jar:/home/hagar/.m2/repository/com/google/code/findbugs/jsr305/3.0.2/jsr305-3.0.2.jar:/home/hagar/.m2/repository/com/google/j2objc/j2objc-annotations/2.8/j2objc-annotations-2.8.jar:/home/hagar/.m2/repository/org/apache/httpcomponents/client5/httpclient5/5.1.4/httpclient5-5.1.4.jar:/home/hagar/.m2/repository/org/apache/httpcomponents/core5/httpcore5/5.1.5/httpcore5-5.1.5.jar:/home/hagar/.m2/repository/org/apache/httpcomponents/core5/httpcore5-h2/5.1.5/httpcore5-h2-5.1.5.jar:/home/hagar/.m2/repository/org/xmlunit/xmlunit-legacy/2.9.1/xmlunit-legacy-2.9.1.jar:/home/hagar/.m2/repository/org/xmlunit/xmlunit-placeholders/2.9.1/xmlunit-placeholders-2.9.1.jar:/home/hagar/.m2/repository/net/javacrumbs/json-unit/json-unit-core/2.38.0/json-unit-core-2.38.0.jar:/home/hagar/.m2/repository/net/sf/jopt-simple/jopt-simple/5.0.4/jopt-simple-5.0.4.jar:/home/hagar/.m2/repository/com/github/jknack/handlebars/4.3.1/handlebars-4.3.1.jar:/home/hagar/.m2/repository/com/github/jknack/handlebars-helpers/4.3.1/handlebars-helpers-4.3.1.jar:/home/hagar/.m2/repository/commons-fileupload/commons-fileupload/1.5/commons-fileupload-1.5.jar:/home/hagar/.m2/repository/com/networknt/json-schema-validator/1.0.83/json-schema-validator-1.0.83.jar:/home/hagar/.m2/repository/com/ethlo/time/itu/1.7.0/itu-1.7.0.jar:/home/hagar/.m2/repository/com/fasterxml/jackson/dataformat/jackson-dataformat-yaml/2.14.2/jackson-dataformat-yaml-2.14.2.jar:/home/hagar/.m2/repository/org/junit/vintage/junit-vintage-engine/5.10.0/junit-vintage-engine-5.10.0.jar:/home/hagar/.m2/repository/org/junit/platform/junit-platform-engine/1.9.2/junit-platform-engine-1.9.2.jar:/home/hagar/.m2/repository/org/apiguardian/apiguardian-api/1.1.2/apiguardian-api-1.1.2.jar:"/>
    <property name="java.vm.vendor" value="Oracle Corporation"/>
    <property name="sun.arch.data.model" value="64"/>
    <property name="java.vendor.url" value="https://java.oracle.com/"/>
    <property name="user.timezone" value="Africa/Cairo"/>
    <property name="os.name" value="Linux"/>
    <property name="java.vm.specification.version" value="20"/>
    <property name="sun.java.launcher" value="SUN_STANDARD"/>
    <property name="user.country" value="US"/>
    <property name="sun.boot.library.path" value="/usr/lib/jvm/jdk-20/lib"/>
    <property name="sun.java.command" value="/home/hagar/cloud-security-services-integration-library/samples/spring-security-hybrid-usage/target/surefire/surefirebooter-20231019132714568_3.jar /home/hagar/cloud-security-services-integration-library/samples/spring-security-hybrid-usage/target/surefire 2023-10-19T13-27-12_336-jvmRun1 surefire-20231019132714568_1tmp surefire_0-20231019132714568_2tmp"/>
    <property name="jdk.debug" value="release"/>
    <property name="surefire.test.class.path" value="/home/hagar/cloud-security-services-integration-library/samples/spring-security-hybrid-usage/target/test-classes:/home/hagar/cloud-security-services-integration-library/samples/spring-security-hybrid-usage/target/classes:/home/hagar/.m2/repository/org/springframework/boot/spring-boot-starter-web/3.0.4/spring-boot-starter-web-3.0.4.jar:/home/hagar/.m2/repository/org/springframework/boot/spring-boot-starter/3.0.4/spring-boot-starter-3.0.4.jar:/home/hagar/.m2/repository/org/springframework/boot/spring-boot/3.0.4/spring-boot-3.0.4.jar:/home/hagar/.m2/repository/org/springframework/boot/spring-boot-starter-logging/3.0.4/spring-boot-starter-logging-3.0.4.jar:/home/hagar/.m2/repository/ch/qos/logback/logback-classic/1.4.5/logback-classic-1.4.5.jar:/home/hagar/.m2/repository/ch/qos/logback/logback-core/1.4.5/logback-core-1.4.5.jar:/home/hagar/.m2/repository/org/slf4j/jul-to-slf4j/2.0.6/jul-to-slf4j-2.0.6.jar:/home/hagar/.m2/repository/jakarta/annotation/jakarta.annotation-api/2.1.1/jakarta.annotation-api-2.1.1.jar:/home/hagar/.m2/repository/org/yaml/snakeyaml/1.33/snakeyaml-1.33.jar:/home/hagar/.m2/repository/org/springframework/boot/spring-boot-starter-json/3.0.4/spring-boot-starter-json-3.0.4.jar:/home/hagar/.m2/repository/com/fasterxml/jackson/datatype/jackson-datatype-jdk8/2.14.2/jackson-datatype-jdk8-2.14.2.jar:/home/hagar/.m2/repository/com/fasterxml/jackson/datatype/jackson-datatype-jsr310/2.14.2/jackson-datatype-jsr310-2.14.2.jar:/home/hagar/.m2/repository/com/fasterxml/jackson/module/jackson-module-parameter-names/2.14.2/jackson-module-parameter-names-2.14.2.jar:/home/hagar/.m2/repository/org/springframework/boot/spring-boot-starter-tomcat/3.0.4/spring-boot-starter-tomcat-3.0.4.jar:/home/hagar/.m2/repository/org/apache/tomcat/embed/tomcat-embed-core/10.1.5/tomcat-embed-core-10.1.5.jar:/home/hagar/.m2/repository/org/apache/tomcat/embed/tomcat-embed-el/10.1.5/tomcat-embed-el-10.1.5.jar:/home/hagar/.m2/repository/org/apache/tomcat/embed/tomcat-embed-websocket/10.1.5/tomcat-embed-websocket-10.1.5.jar:/home/hagar/.m2/repository/org/springframework/spring-web/6.0.6/spring-web-6.0.6.jar:/home/hagar/.m2/repository/org/springframework/spring-beans/6.0.6/spring-beans-6.0.6.jar:/home/hagar/.m2/repository/io/micrometer/micrometer-observation/1.10.4/micrometer-observation-1.10.4.jar:/home/hagar/.m2/repository/io/micrometer/micrometer-commons/1.10.4/micrometer-commons-1.10.4.jar:/home/hagar/.m2/repository/org/springframework/spring-webmvc/6.0.6/spring-webmvc-6.0.6.jar:/home/hagar/.m2/repository/org/springframework/spring-context/6.0.6/spring-context-6.0.6.jar:/home/hagar/.m2/repository/org/springframework/spring-expression/6.0.6/spring-expression-6.0.6.jar:/home/hagar/.m2/repository/org/springframework/boot/spring-boot-starter-security/3.0.4/spring-boot-starter-security-3.0.4.jar:/home/hagar/.m2/repository/org/springframework/spring-aop/6.0.6/spring-aop-6.0.6.jar:/home/hagar/.m2/repository/org/springframework/security/spring-security-config/6.0.2/spring-security-config-6.0.2.jar:/home/hagar/.m2/repository/org/springframework/security/spring-security-core/6.0.2/spring-security-core-6.0.2.jar:/home/hagar/.m2/repository/org/springframework/security/spring-security-crypto/6.0.2/spring-security-crypto-6.0.2.jar:/home/hagar/.m2/repository/org/springframework/security/spring-security-web/6.0.2/spring-security-web-6.0.2.jar:/home/hagar/.m2/repository/com/sap/cloud/security/resourceserver-security-spring-boot-starter/3.1.3/resourceserver-security-spring-boot-starter-3.1.3.jar:/home/hagar/.m2/repository/com/sap/cloud/security/spring-security/3.1.3/spring-security-3.1.3.jar:/home/hagar/.m2/repository/org/springframework/security/spring-security-oauth2-jose/6.0.2/spring-security-oauth2-jose-6.0.2.jar:/home/hagar/.m2/repository/org/springframework/security/spring-security-oauth2-core/6.0.2/spring-security-oauth2-core-6.0.2.jar:/home/hagar/.m2/repository/com/nimbusds/nimbus-jose-jwt/9.24.4/nimbus-jose-jwt-9.24.4.jar:/home/hagar/.m2/repository/com/github/stephenc/jcip/jcip-annotations/1.0-1/jcip-annotations-1.0-1.jar:/home/hagar/.m2/repository/org/springframework/security/spring-security-oauth2-resource-server/6.0.2/spring-security-oauth2-resource-server-6.0.2.jar:/home/hagar/.m2/repository/org/springframework/boot/spring-boot-autoconfigure/3.0.4/spring-boot-autoconfigure-3.0.4.jar:/home/hagar/.m2/repository/com/sap/cloud/security/java-api/3.1.3/java-api-3.1.3.jar:/home/hagar/.m2/repository/com/sap/cloud/security/xsuaa/spring-security-compatibility/3.1.3/spring-security-compatibility-3.1.3.jar:/home/hagar/.m2/repository/com/sap/cloud/security/xsuaa/spring-xsuaa/3.1.3/spring-xsuaa-3.1.3.jar:/home/hagar/.m2/repository/org/apache/logging/log4j/log4j-to-slf4j/2.19.0/log4j-to-slf4j-2.19.0.jar:/home/hagar/.m2/repository/org/apache/logging/log4j/log4j-api/2.19.0/log4j-api-2.19.0.jar:/home/hagar/.m2/repository/com/sap/cloud/security/env/3.1.3/env-3.1.3.jar:/home/hagar/.m2/repository/com/sap/cloud/environment/servicebinding/java-sap-vcap-services/0.9.0/java-sap-vcap-services-0.9.0.jar:/home/hagar/.m2/repository/com/sap/cloud/environment/servicebinding/api/java-core-api/0.9.0/java-core-api-0.9.0.jar:/home/hagar/.m2/repository/com/sap/cloud/environment/servicebinding/java-sap-service-operator/0.9.0/java-sap-service-operator-0.9.0.jar:/home/hagar/.m2/repository/com/sap/cloud/environment/servicebinding/api/java-consumption-api/0.9.0/java-consumption-api-0.9.0.jar:/home/hagar/.m2/repository/com/sap/cloud/environment/servicebinding/api/java-access-api/0.9.0/java-access-api-0.9.0.jar:/home/hagar/.m2/repository/org/json/json/20230618/json-20230618.jar:/home/hagar/.m2/repository/com/sap/cloud/security/xsuaa/token-client/3.1.3/token-client-3.1.3.jar:/home/hagar/.m2/repository/com/github/ben-manes/caffeine/caffeine/3.1.4/caffeine-3.1.4.jar:/home/hagar/.m2/repository/org/checkerframework/checker-qual/3.31.0/checker-qual-3.31.0.jar:/home/hagar/.m2/repository/com/google/errorprone/error_prone_annotations/2.18.0/error_prone_annotations-2.18.0.jar:/home/hagar/.m2/repository/commons-io/commons-io/2.13.0/commons-io-2.13.0.jar:/home/hagar/.m2/repository/org/apache/httpcomponents/httpclient/4.5.14/httpclient-4.5.14.jar:/home/hagar/.m2/repository/org/apache/httpcomponents/httpcore/4.4.16/httpcore-4.4.16.jar:/home/hagar/.m2/repository/commons-codec/commons-codec/1.15/commons-codec-1.15.jar:/home/hagar/.m2/repository/com/sap/hcp/cf/logging/cf-java-logging-support-servlet-jakarta/3.7.0/cf-java-logging-support-servlet-jakarta-3.7.0.jar:/home/hagar/.m2/repository/com/sap/hcp/cf/logging/cf-java-logging-support-core/3.7.0/cf-java-logging-support-core-3.7.0.jar:/home/hagar/.m2/repository/com/fasterxml/jackson/jr/jackson-jr-objects/2.14.2/jackson-jr-objects-2.14.2.jar:/home/hagar/.m2/repository/org/apache/commons/commons-lang3/3.12.0/commons-lang3-3.12.0.jar:/home/hagar/.m2/repository/com/auth0/java-jwt/3.19.4/java-jwt-3.19.4.jar:/home/hagar/.m2/repository/com/fasterxml/jackson/core/jackson-databind/2.14.2/jackson-databind-2.14.2.jar:/home/hagar/.m2/repository/com/fasterxml/jackson/core/jackson-annotations/2.14.2/jackson-annotations-2.14.2.jar:/home/hagar/.m2/repository/com/fasterxml/jackson/core/jackson-core/2.14.2/jackson-core-2.14.2.jar:/home/hagar/.m2/repository/org/springframework/boot/spring-boot-starter-test/3.0.4/spring-boot-starter-test-3.0.4.jar:/home/hagar/.m2/repository/org/springframework/boot/spring-boot-test/3.0.4/spring-boot-test-3.0.4.jar:/home/hagar/.m2/repository/org/springframework/boot/spring-boot-test-autoconfigure/3.0.4/spring-boot-test-autoconfigure-3.0.4.jar:/home/hagar/.m2/repository/com/jayway/jsonpath/json-path/2.7.0/json-path-2.7.0.jar:/home/hagar/.m2/repository/net/minidev/json-smart/2.4.8/json-smart-2.4.8.jar:/home/hagar/.m2/repository/net/minidev/accessors-smart/2.4.8/accessors-smart-2.4.8.jar:/home/hagar/.m2/repository/org/slf4j/slf4j-api/2.0.6/slf4j-api-2.0.6.jar:/home/hagar/.m2/repository/jakarta/xml/bind/jakarta.xml.bind-api/4.0.0/jakarta.xml.bind-api-4.0.0.jar:/home/hagar/.m2/repository/jakarta/activation/jakarta.activation-api/2.1.1/jakarta.activation-api-2.1.1.jar:/home/hagar/.m2/repository/org/assertj/assertj-core/3.23.1/assertj-core-3.23.1.jar:/home/hagar/.m2/repository/net/bytebuddy/byte-buddy/1.12.23/byte-buddy-1.12.23.jar:/home/hagar/.m2/repository/org/hamcrest/hamcrest/2.2/hamcrest-2.2.jar:/home/hagar/.m2/repository/org/junit/jupiter/junit-jupiter/5.9.2/junit-jupiter-5.9.2.jar:/home/hagar/.m2/repository/org/junit/jupiter/junit-jupiter-params/5.9.2/junit-jupiter-params-5.9.2.jar:/home/hagar/.m2/repository/org/junit/jupiter/junit-jupiter-engine/5.9.2/junit-jupiter-engine-5.9.2.jar:/home/hagar/.m2/repository/org/mockito/mockito-core/4.8.1/mockito-core-4.8.1.jar:/home/hagar/.m2/repository/net/bytebuddy/byte-buddy-agent/1.12.23/byte-buddy-agent-1.12.23.jar:/home/hagar/.m2/repository/org/objenesis/objenesis/3.2/objenesis-3.2.jar:/home/hagar/.m2/repository/org/mockito/mockito-junit-jupiter/4.8.1/mockito-junit-jupiter-4.8.1.jar:/home/hagar/.m2/repository/org/skyscreamer/jsonassert/1.5.1/jsonassert-1.5.1.jar:/home/hagar/.m2/repository/org/springframework/spring-core/6.0.6/spring-core-6.0.6.jar:/home/hagar/.m2/repository/org/springframework/spring-jcl/6.0.6/spring-jcl-6.0.6.jar:/home/hagar/.m2/repository/org/springframework/spring-test/6.0.6/spring-test-6.0.6.jar:/home/hagar/.m2/repository/org/xmlunit/xmlunit-core/2.9.1/xmlunit-core-2.9.1.jar:/home/hagar/.m2/repository/com/sap/cloud/security/java-security-test/3.1.3/java-security-test-3.1.3.jar:/home/hagar/.m2/repository/com/sap/cloud/security/java-security/3.1.3/java-security-3.1.3.jar:/home/hagar/.m2/repository/junit/junit/4.13.2/junit-4.13.2.jar:/home/hagar/.m2/repository/org/hamcrest/hamcrest-core/2.2/hamcrest-core-2.2.jar:/home/hagar/.m2/repository/org/junit/jupiter/junit-jupiter-api/5.9.2/junit-jupiter-api-5.9.2.jar:/home/hagar/.m2/repository/org/opentest4j/opentest4j/1.2.0/opentest4j-1.2.0.jar:/home/hagar/.m2/repository/org/junit/platform/junit-platform-commons/1.9.2/junit-platform-commons-1.9.2.jar:/home/hagar/.m2/repository/org/eclipse/jetty/jetty-server/11.0.14/jetty-server-11.0.14.jar:/home/hagar/.m2/repository/org/eclipse/jetty/toolchain/jetty-jakarta-servlet-api/5.0.2/jetty-jakarta-servlet-api-5.0.2.jar:/home/hagar/.m2/repository/org/eclipse/jetty/jetty-http/11.0.14/jetty-http-11.0.14.jar:/home/hagar/.m2/repository/org/eclipse/jetty/jetty-servlet/11.0.14/jetty-servlet-11.0.14.jar:/home/hagar/.m2/repository/org/eclipse/jetty/jetty-security/11.0.14/jetty-security-11.0.14.jar:/home/hagar/.m2/repository/org/eclipse/jetty/jetty-webapp/11.0.14/jetty-webapp-11.0.14.jar:/home/hagar/.m2/repository/org/eclipse/jetty/jetty-xml/11.0.14/jetty-xml-11.0.14.jar:/home/hagar/.m2/repository/org/eclipse/jetty/jetty-annotations/11.0.14/jetty-annotations-11.0.14.jar:/home/hagar/.m2/repository/org/eclipse/jetty/jetty-plus/11.0.14/jetty-plus-11.0.14.jar:/home/hagar/.m2/repository/jakarta/transaction/jakarta.transaction-api/2.0.1/jakarta.transaction-api-2.0.1.jar:/home/hagar/.m2/repository/org/eclipse/jetty/jetty-jndi/11.0.14/jetty-jndi-11.0.14.jar:/home/hagar/.m2/repository/org/ow2/asm/asm/9.4/asm-9.4.jar:/home/hagar/.m2/repository/org/ow2/asm/asm-commons/9.4/asm-commons-9.4.jar:/home/hagar/.m2/repository/org/ow2/asm/asm-tree/9.4/asm-tree-9.4.jar:/home/hagar/.m2/repository/org/eclipse/jetty/jetty-io/11.0.14/jetty-io-11.0.14.jar:/home/hagar/.m2/repository/org/eclipse/jetty/jetty-util/11.0.14/jetty-util-11.0.14.jar:/home/hagar/.m2/repository/com/github/tomakehurst/wiremock/3.0.0-beta-10/wiremock-3.0.0-beta-10.jar:/home/hagar/.m2/repository/org/eclipse/jetty/jetty-servlets/11.0.14/jetty-servlets-11.0.14.jar:/home/hagar/.m2/repository/org/eclipse/jetty/jetty-proxy/11.0.14/jetty-proxy-11.0.14.jar:/home/hagar/.m2/repository/org/eclipse/jetty/jetty-client/11.0.14/jetty-client-11.0.14.jar:/home/hagar/.m2/repository/org/eclipse/jetty/http2/http2-server/11.0.14/http2-server-11.0.14.jar:/home/hagar/.m2/repository/org/eclipse/jetty/http2/http2-common/11.0.14/http2-common-11.0.14.jar:/home/hagar/.m2/repository/org/eclipse/jetty/http2/http2-hpack/11.0.14/http2-hpack-11.0.14.jar:/home/hagar/.m2/repository/org/eclipse/jetty/jetty-alpn-server/11.0.14/jetty-alpn-server-11.0.14.jar:/home/hagar/.m2/repository/org/eclipse/jetty/jetty-alpn-java-server/11.0.14/jetty-alpn-java-server-11.0.14.jar:/home/hagar/.m2/repository/org/eclipse/jetty/jetty-alpn-java-client/11.0.14/jetty-alpn-java-client-11.0.14.jar:/home/hagar/.m2/repository/org/eclipse/jetty/jetty-alpn-client/11.0.14/jetty-alpn-client-11.0.14.jar:/home/hagar/.m2/repository/com/google/guava/guava/32.0.1-jre/guava-32.0.1-jre.jar:/home/hagar/.m2/repository/com/google/guava/failureaccess/1.0.1/failureaccess-1.0.1.jar:/home/hagar/.m2/repository/com/google/guava/listenablefuture/9999.0-empty-to-avoid-conflict-with-guava/listenablefuture-9999.0-empty-to-avoid-conflict-with-guava.jar:/home/hagar/.m2/repository/com/google/code/findbugs/jsr305/3.0.2/jsr305-3.0.2.jar:/home/hagar/.m2/repository/com/google/j2objc/j2objc-annotations/2.8/j2objc-annotations-2.8.jar:/home/hagar/.m2/repository/org/apache/httpcomponents/client5/httpclient5/5.1.4/httpclient5-5.1.4.jar:/home/hagar/.m2/repository/org/apache/httpcomponents/core5/httpcore5/5.1.5/httpcore5-5.1.5.jar:/home/hagar/.m2/repository/org/apache/httpcomponents/core5/httpcore5-h2/5.1.5/httpcore5-h2-5.1.5.jar:/home/hagar/.m2/repository/org/xmlunit/xmlunit-legacy/2.9.1/xmlunit-legacy-2.9.1.jar:/home/hagar/.m2/repository/org/xmlunit/xmlunit-placeholders/2.9.1/xmlunit-placeholders-2.9.1.jar:/home/hagar/.m2/repository/net/javacrumbs/json-unit/json-unit-core/2.38.0/json-unit-core-2.38.0.jar:/home/hagar/.m2/repository/net/sf/jopt-simple/jopt-simple/5.0.4/jopt-simple-5.0.4.jar:/home/hagar/.m2/repository/com/github/jknack/handlebars/4.3.1/handlebars-4.3.1.jar:/home/hagar/.m2/repository/com/github/jknack/handlebars-helpers/4.3.1/handlebars-helpers-4.3.1.jar:/home/hagar/.m2/repository/commons-fileupload/commons-fileupload/1.5/commons-fileupload-1.5.jar:/home/hagar/.m2/repository/com/networknt/json-schema-validator/1.0.83/json-schema-validator-1.0.83.jar:/home/hagar/.m2/repository/com/ethlo/time/itu/1.7.0/itu-1.7.0.jar:/home/hagar/.m2/repository/com/fasterxml/jackson/dataformat/jackson-dataformat-yaml/2.14.2/jackson-dataformat-yaml-2.14.2.jar:/home/hagar/.m2/repository/org/junit/vintage/junit-vintage-engine/5.10.0/junit-vintage-engine-5.10.0.jar:/home/hagar/.m2/repository/org/junit/platform/junit-platform-engine/1.9.2/junit-platform-engine-1.9.2.jar:/home/hagar/.m2/repository/org/apiguardian/apiguardian-api/1.1.2/apiguardian-api-1.1.2.jar:"/>
    <property name="sun.cpu.endian" value="little"/>
    <property name="user.home" value="/home/hagar"/>
    <property name="user.language" value="en"/>
    <property name="java.specification.vendor" value="Oracle Corporation"/>
    <property name="java.version.date" value="2023-07-18"/>
    <property name="java.home" value="/usr/lib/jvm/jdk-20"/>
    <property name="file.separator" value="/"/>
    <property name="basedir" value="/home/hagar/cloud-security-services-integration-library/samples/spring-security-hybrid-usage"/>
    <property name="java.vm.compressedOopsMode" value="Zero based"/>
    <property name="line.separator" value="&#10;"/>
    <property name="java.vm.specification.vendor" value="Oracle Corporation"/>
    <property name="java.specification.name" value="Java Platform API Specification"/>
    <property name="FILE_LOG_CHARSET" value="UTF-8"/>
    <property name="java.awt.headless" value="true"/>
    <property name="surefire.real.class.path" value="/home/hagar/cloud-security-services-integration-library/samples/spring-security-hybrid-usage/target/surefire/surefirebooter-20231019132714568_3.jar"/>
    <property name="sun.management.compiler" value="HotSpot 64-Bit Tiered Compilers"/>
    <property name="org.eclipse.jetty.http.HttpGenerator.STRICT" value="true"/>
    <property name="java.runtime.version" value="20.0.2+9-78"/>
    <property name="user.name" value="hagar"/>
    <property name="stdout.encoding" value="UTF-8"/>
    <property name="path.separator" value=":"/>
    <property name="os.version" value="6.2.0-34-generic"/>
    <property name="java.runtime.name" value="Java(TM) SE Runtime Environment"/>
    <property name="file.encoding" value="UTF-8"/>
    <property name="java.vm.name" value="Java HotSpot(TM) 64-Bit Server VM"/>
    <property name="localRepository" value="/home/hagar/.m2/repository"/>
    <property name="javax.xml.xpath.XPathFactory:http://java.sun.com/jaxp/xpath/dom" value="com.sun.org.apache.xpath.internal.jaxp.XPathFactoryImpl"/>
    <property name="java.vendor.url.bug" value="https://bugreport.java.com/bugreport/"/>
    <property name="jetty.git.hash" value="4601fe8dd805ce75b69c64466c115a162586641b"/>
    <property name="java.io.tmpdir" value="/tmp"/>
    <property name="java.version" value="20.0.2"/>
    <property name="user.dir" value="/home/hagar/cloud-security-services-integration-library/samples/spring-security-hybrid-usage"/>
    <property name="os.arch" value="amd64"/>
    <property name="java.vm.specification.name" value="Java Virtual Machine Specification"/>
    <property name="PID" value="125181"/>
    <property name="CONSOLE_LOG_CHARSET" value="UTF-8"/>
    <property name="native.encoding" value="UTF-8"/>
    <property name="java.library.path" value="/usr/java/packages/lib:/usr/lib64:/lib64:/lib:/usr/lib"/>
    <property name="java.vm.info" value="mixed mode, sharing"/>
    <property name="stderr.encoding" value="UTF-8"/>
    <property name="java.vendor" value="Oracle Corporation"/>
    <property name="java.vm.version" value="20.0.2+9-78"/>
    <property name="sun.io.unicode.encoding" value="UnicodeLittle"/>
    <property name="javax.xml.transform.TransformerFactory" value="com.sun.org.apache.xalan.internal.xsltc.trax.TransformerFactoryImpl"/>
    <property name="java.class.version" value="64.0"/>
  </properties>
  <testcase name="whenSpringContextIsBootstrapped_thenNoExceptions" classname="sample.spring.security.junitjupiter.ApplicationTest" time="0.04">
    <system-out><![CDATA[2023-10-19T13:28:28.654+03:00  INFO 125181 --- [           main] t.c.s.AnnotationConfigContextLoaderUtils : Could not detect default configuration classes for test class [sample.spring.security.junitjupiter.ApplicationTest]: ApplicationTest does not declare any static, non-private, non-final, nested classes annotated with @Configuration.
2023-10-19T13:28:28.656+03:00  INFO 125181 --- [           main] .b.t.c.SpringBootTestContextBootstrapper : Found @SpringBootConfiguration sample.spring.security.Application for test class sample.spring.security.junitjupiter.ApplicationTest
2023-10-19T13:28:28.787+03:00  INFO 125181 --- [      Thread-11] o.e.jetty.server.AbstractConnector       : Stopped NetworkTrafficServerConnector@f202d6d{HTTP/1.1, (http/1.1, h2c)}{0.0.0.0:0}
2023-10-19T13:28:28.789+03:00  INFO 125181 --- [      Thread-11] o.e.jetty.server.handler.ContextHandler  : Stopped o.e.j.s.ServletContextHandler@10667848{/,null,STOPPED}
2023-10-19T13:28:28.789+03:00  INFO 125181 --- [      Thread-11] o.e.jetty.server.handler.ContextHandler  : Stopped o.e.j.s.ServletContextHandler@1cb19dba{/__admin,null,STOPPED}

  .   ____          _            __ _ _
 /\\ / ___'_ __ _ _(_)_ __  __ _ \ \ \ \
( ( )\___ | '_ | '_| | '_ \/ _` | \ \ \ \
 \\/  ___)| |_)| | | | | || (_| |  ) ) ) )
  '  |____| .__|_| |_|_| |_\__, | / / / /
 =========|_|==============|___/=/_/_/_/
 :: Spring Boot ::                (v3.0.4)

2023-10-19T13:28:28.973+03:00  INFO 125181 --- [           main] s.s.s.junitjupiter.ApplicationTest       : Starting ApplicationTest using Java 20.0.2 with PID 125181 (started by hagar in /home/hagar/cloud-security-services-integration-library/samples/spring-security-hybrid-usage)
2023-10-19T13:28:28.973+03:00  INFO 125181 --- [           main] s.s.s.junitjupiter.ApplicationTest       : The following 1 profile is active: "multixsuaa"
2023-10-19T13:28:31.024+03:00  INFO 125181 --- [           main] c.s.c.s.t.v.v.JwtAudienceValidator       : configured JwtAudienceValidator with clientId sb-clientId!t0815.
2023-10-19T13:28:31.028+03:00  INFO 125181 --- [           main] c.s.c.s.t.v.v.JwtAudienceValidator       : configured JwtAudienceValidator with clientId xsapp!t0815.
2023-10-19T13:28:31.028+03:00  INFO 125181 --- [           main] c.s.c.s.t.v.v.JwtAudienceValidator       : configured JwtAudienceValidator with clientId sb-clientId!t04711.
2023-10-19T13:28:31.029+03:00  INFO 125181 --- [           main] c.s.c.s.t.v.v.JwtAudienceValidator       : configured JwtAudienceValidator with clientId sb-clientId!t0815.
2023-10-19T13:28:31.137+03:00  INFO 125181 --- [           main] o.s.s.web.DefaultSecurityFilterChain     : Will secure any request with [org.springframework.security.web.session.DisableEncodeUrlFilter@4930213b, org.springframework.security.web.context.request.async.WebAsyncManagerIntegrationFilter@67372d20, org.springframework.security.web.context.SecurityContextHolderFilter@76980c75, org.springframework.security.web.header.HeaderWriterFilter@6b170692, org.springframework.security.web.csrf.CsrfFilter@fa689db, org.springframework.security.web.authentication.logout.LogoutFilter@43120a77, org.springframework.security.oauth2.server.resource.web.authentication.BearerTokenAuthenticationFilter@1a22c1ba, org.springframework.security.web.savedrequest.RequestCacheAwareFilter@3696d12d, org.springframework.security.web.servletapi.SecurityContextHolderAwareRequestFilter@656672fb, org.springframework.security.web.authentication.AnonymousAuthenticationFilter@25e24908, org.springframework.security.web.session.SessionManagementFilter@4d4bac56, org.springframework.security.web.access.ExceptionTranslationFilter@75a6bd06, org.springframework.security.web.access.intercept.AuthorizationFilter@15aaf7b1]
2023-10-19T13:28:31.146+03:00  WARN 125181 --- [           main] o.s.s.c.a.web.builders.WebSecurity       : 

********************************************************************
**********        Security debugging is enabled.       *************
**********    This may include sensitive information.  *************
**********      Do not use in a production system!     *************
********************************************************************


2023-10-19T13:28:31.889+03:00  INFO 125181 --- [           main] c.s.c.s.t.v.v.JwtAudienceValidator       : configured JwtAudienceValidator with clientId sb-clientId!t0815.
2023-10-19T13:28:31.892+03:00  INFO 125181 --- [           main] c.s.c.s.t.v.v.JwtAudienceValidator       : configured JwtAudienceValidator with clientId xsapp!t0815.
2023-10-19T13:28:31.895+03:00  INFO 125181 --- [           main] c.s.c.s.t.v.v.JwtAudienceValidator       : configured JwtAudienceValidator with clientId sb-clientId!t0815.
2023-10-19T13:28:31.908+03:00  INFO 125181 --- [           main] kenFlowAutoConfiguration$$SpringCGLIB$$0 : If the performance for the token validation is degrading provide your own well configured HttpClientFactory implementation
2023-10-19T13:28:31.909+03:00  WARN 125181 --- [           main] c.s.c.s.client.DefaultHttpClientFactory  : Application has already created HttpClient for clientId = sb-clientId!t0815, please check.
2023-10-19T13:28:32.123+03:00  INFO 125181 --- [           main] s.s.s.junitjupiter.ApplicationTest       : Started ApplicationTest in 3.363 seconds (process running for 77.203)
]]></system-out>
  </testcase>
</testsuite>